[2016-03-25 10:17:26,880][MainThread:6408][task_id:core.Mylogging][Mylogging.py:58][INFO][It works!]
[2016-03-25 10:17:41,054][MainThread:6784][task_id:core.Mylogging][Mylogging.py:58][INFO][It works!]
[2016-03-25 10:17:41,054][MainThread:6784][task_id:pika.adapters.select_connection][select_connection.py:137][DEBUG][Using SelectPoller]
[2016-03-25 10:17:41,054][MainThread:6784][task_id:pika.callback][callback.py:164][DEBUG][Added: {'one_shot': False, 'arguments': None, 'callback': <bound method _CallbackResult.set_value_once of <pika.adapters.blocking_connection._CallbackResult object at 0x0000000002C66B08>>, 'only': None}]
[2016-03-25 10:17:41,054][MainThread:6784][task_id:pika.callback][callback.py:164][DEBUG][Added: {'one_shot': False, 'arguments': None, 'callback': <bound method _CallbackResult.set_value_once of <pika.adapters.blocking_connection._CallbackResult object at 0x000000000083CBC8>>, 'only': None}]
[2016-03-25 10:17:41,054][MainThread:6784][task_id:pika.callback][callback.py:164][DEBUG][Added: {'one_shot': False, 'arguments': None, 'callback': <bound method _CallbackResult.set_value_once of <pika.adapters.blocking_connection._CallbackResult object at 0x00000000030B9848>>, 'only': None}]
[2016-03-25 10:17:41,054][MainThread:6784][task_id:pika.callback][callback.py:164][DEBUG][Added: {'one_shot': True, 'arguments': None, 'calls': 1, 'callback': <bound method Connection._on_connection_start of <pika.adapters.select_connection.SelectConnection object at 0x00000000007CB320>>, 'only': None}]
[2016-03-25 10:17:41,061][MainThread:6784][task_id:pika.adapters.base_connection][base_connection.py:212][INFO][Connecting to ::1:5672]
[2016-03-25 10:17:41,062][MainThread:6784][task_id:pika.callback][callback.py:220][DEBUG][Processing 0:Connection.Start]
[2016-03-25 10:17:41,062][MainThread:6784][task_id:pika.callback][callback.py:404][DEBUG][Processing use of oneshot callback]
[2016-03-25 10:17:41,062][MainThread:6784][task_id:pika.callback][callback.py:406][DEBUG][0 registered uses left]
[2016-03-25 10:17:41,062][MainThread:6784][task_id:pika.callback][callback.py:269][DEBUG][Removing callback #0: {'one_shot': True, 'arguments': None, 'calls': 0, 'callback': <bound method Connection._on_connection_start of <pika.adapters.select_connection.SelectConnection object at 0x00000000007CB320>>, 'only': None}]
[2016-03-25 10:17:41,063][MainThread:6784][task_id:pika.callback][callback.py:234][DEBUG][Calling <bound method Connection._on_connection_start of <pika.adapters.select_connection.SelectConnection object at 0x00000000007CB320>> for "0:Connection.Start"]
[2016-03-25 10:17:41,063][MainThread:6784][task_id:pika.callback][callback.py:164][DEBUG][Added: {'one_shot': True, 'arguments': None, 'calls': 1, 'callback': <bound method Connection._on_connection_tune of <pika.adapters.select_connection.SelectConnection object at 0x00000000007CB320>>, 'only': None}]
[2016-03-25 10:17:41,063][MainThread:6784][task_id:pika.callback][callback.py:220][DEBUG][Processing 0:Connection.Tune]
[2016-03-25 10:17:41,063][MainThread:6784][task_id:pika.callback][callback.py:404][DEBUG][Processing use of oneshot callback]
[2016-03-25 10:17:41,063][MainThread:6784][task_id:pika.callback][callback.py:406][DEBUG][0 registered uses left]
[2016-03-25 10:17:41,063][MainThread:6784][task_id:pika.callback][callback.py:269][DEBUG][Removing callback #0: {'one_shot': True, 'arguments': None, 'calls': 0, 'callback': <bound method Connection._on_connection_tune of <pika.adapters.select_connection.SelectConnection object at 0x00000000007CB320>>, 'only': None}]
[2016-03-25 10:17:41,064][MainThread:6784][task_id:pika.callback][callback.py:234][DEBUG][Calling <bound method Connection._on_connection_tune of <pika.adapters.select_connection.SelectConnection object at 0x00000000007CB320>> for "0:Connection.Tune"]
[2016-03-25 10:17:41,064][MainThread:6784][task_id:pika.connection][connection.py:1003][DEBUG][Creating a HeartbeatChecker: 60]
[2016-03-25 10:17:41,064][MainThread:6784][task_id:pika.callback][callback.py:164][DEBUG][Added: {'one_shot': True, 'arguments': None, 'calls': 1, 'callback': <bound method Connection._on_connection_open of <pika.adapters.select_connection.SelectConnection object at 0x00000000007CB320>>, 'only': None}]
[2016-03-25 10:17:41,064][MainThread:6784][task_id:pika.callback][callback.py:220][DEBUG][Processing 0:Connection.OpenOk]
[2016-03-25 10:17:41,064][MainThread:6784][task_id:pika.callback][callback.py:404][DEBUG][Processing use of oneshot callback]
[2016-03-25 10:17:41,064][MainThread:6784][task_id:pika.callback][callback.py:406][DEBUG][0 registered uses left]
[2016-03-25 10:17:41,064][MainThread:6784][task_id:pika.callback][callback.py:269][DEBUG][Removing callback #0: {'one_shot': True, 'arguments': None, 'calls': 0, 'callback': <bound method Connection._on_connection_open of <pika.adapters.select_connection.SelectConnection object at 0x00000000007CB320>>, 'only': None}]
[2016-03-25 10:17:41,065][MainThread:6784][task_id:pika.callback][callback.py:234][DEBUG][Calling <bound method Connection._on_connection_open of <pika.adapters.select_connection.SelectConnection object at 0x00000000007CB320>> for "0:Connection.OpenOk"]
[2016-03-25 10:17:41,065][MainThread:6784][task_id:pika.callback][callback.py:164][DEBUG][Added: {'one_shot': True, 'arguments': None, 'calls': 1, 'callback': <bound method Connection._on_connection_closed of <pika.adapters.select_connection.SelectConnection object at 0x00000000007CB320>>, 'only': None}]
[2016-03-25 10:17:41,065][MainThread:6784][task_id:pika.callback][callback.py:220][DEBUG][Processing 0:_on_connection_open]
[2016-03-25 10:17:41,065][MainThread:6784][task_id:pika.callback][callback.py:234][DEBUG][Calling <bound method _CallbackResult.set_value_once of <pika.adapters.blocking_connection._CallbackResult object at 0x000000000083CBC8>> for "0:_on_connection_open"]
[2016-03-25 10:17:41,065][MainThread:6784][task_id:pika.connection][connection.py:991][DEBUG][Creating channel 1]
[2016-03-25 10:17:41,065][MainThread:6784][task_id:pika.callback][callback.py:164][DEBUG][Added: {'one_shot': True, 'arguments': None, 'calls': 1, 'callback': <bound method Connection._on_channel_cleanup of <pika.adapters.select_connection.SelectConnection object at 0x00000000007CB320>>, 'only': <pika.channel.Channel object at 0x00000000005A9080>}]
[2016-03-25 10:17:41,065][MainThread:6784][task_id:pika.callback][callback.py:164][DEBUG][Added: {'one_shot': False, 'arguments': None, 'callback': <bound method Channel._on_getempty of <pika.channel.Channel object at 0x00000000005A9080>>, 'only': None}]
[2016-03-25 10:17:41,065][MainThread:6784][task_id:pika.callback][callback.py:164][DEBUG][Added: {'one_shot': False, 'arguments': None, 'callback': <bound method Channel._on_cancel of <pika.channel.Channel object at 0x00000000005A9080>>, 'only': None}]
[2016-03-25 10:17:41,066][MainThread:6784][task_id:pika.callback][callback.py:164][DEBUG][Added: {'one_shot': False, 'arguments': None, 'callback': <bound method Channel._on_flow of <pika.channel.Channel object at 0x00000000005A9080>>, 'only': None}]
[2016-03-25 10:17:41,066][MainThread:6784][task_id:pika.callback][callback.py:164][DEBUG][Added: {'one_shot': True, 'arguments': None, 'calls': 1, 'callback': <bound method Channel._on_close of <pika.channel.Channel object at 0x00000000005A9080>>, 'only': None}]
[2016-03-25 10:17:41,066][MainThread:6784][task_id:pika.channel][channel.py:1130][DEBUG][Adding in on_synchronous_complete callback]
[2016-03-25 10:17:41,066][MainThread:6784][task_id:pika.callback][callback.py:164][DEBUG][Added: {'one_shot': True, 'arguments': None, 'calls': 1, 'callback': <bound method Channel._on_synchronous_complete of <pika.channel.Channel object at 0x00000000005A9080>>, 'only': None}]
[2016-03-25 10:17:41,066][MainThread:6784][task_id:pika.channel][channel.py:1135][DEBUG][Adding passed in callback]
[2016-03-25 10:17:41,066][MainThread:6784][task_id:pika.callback][callback.py:164][DEBUG][Added: {'one_shot': True, 'arguments': None, 'calls': 1, 'callback': <bound method Channel._on_openok of <pika.channel.Channel object at 0x00000000005A9080>>, 'only': None}]
[2016-03-25 10:17:41,066][MainThread:6784][task_id:pika.callback][callback.py:164][DEBUG][Added: {'one_shot': False, 'arguments': None, 'callback': <bound method BlockingChannel._on_consumer_cancelled_by_broker of <pika.adapters.blocking_connection.BlockingChannel object at 0x00000000030CE6D8>>, 'only': None}]
[2016-03-25 10:17:41,067][MainThread:6784][task_id:pika.callback][callback.py:164][DEBUG][Added: {'one_shot': False, 'arguments': None, 'callback': <bound method _CallbackResult.signal_once of <pika.adapters.blocking_connection._CallbackResult object at 0x00000000030D9F88>>, 'only': None}]
[2016-03-25 10:17:41,067][MainThread:6784][task_id:pika.callback][callback.py:164][DEBUG][Added: {'one_shot': True, 'arguments': None, 'calls': 1, 'callback': <bound method _CallbackResult.set_value_once of <pika.adapters.blocking_connection._CallbackResult object at 0x00000000030D9FC8>>, 'only': None}]
[2016-03-25 10:17:41,067][MainThread:6784][task_id:pika.callback][callback.py:164][DEBUG][Added: {'one_shot': False, 'arguments': None, 'callback': <bound method _CallbackResult.set_value_once of <pika.adapters.blocking_connection._CallbackResult object at 0x00000000030E0048>>, 'only': None}]
[2016-03-25 10:17:41,067][MainThread:6784][task_id:pika.adapters.blocking_connection][blocking_connection.py:1099][INFO][Created channel=1]
[2016-03-25 10:17:41,067][MainThread:6784][task_id:pika.callback][callback.py:220][DEBUG][Processing 1:Channel.OpenOk]
[2016-03-25 10:17:41,067][MainThread:6784][task_id:pika.callback][callback.py:404][DEBUG][Processing use of oneshot callback]
[2016-03-25 10:17:41,067][MainThread:6784][task_id:pika.callback][callback.py:406][DEBUG][0 registered uses left]
[2016-03-25 10:17:41,067][MainThread:6784][task_id:pika.callback][callback.py:269][DEBUG][Removing callback #0: {'one_shot': True, 'arguments': None, 'calls': 0, 'callback': <bound method Channel._on_synchronous_complete of <pika.channel.Channel object at 0x00000000005A9080>>, 'only': None}]
[2016-03-25 10:17:41,068][MainThread:6784][task_id:pika.callback][callback.py:404][DEBUG][Processing use of oneshot callback]
[2016-03-25 10:17:41,068][MainThread:6784][task_id:pika.callback][callback.py:406][DEBUG][0 registered uses left]
[2016-03-25 10:17:41,068][MainThread:6784][task_id:pika.callback][callback.py:269][DEBUG][Removing callback #0: {'one_shot': True, 'arguments': None, 'calls': 0, 'callback': <bound method Channel._on_openok of <pika.channel.Channel object at 0x00000000005A9080>>, 'only': None}]
[2016-03-25 10:17:41,068][MainThread:6784][task_id:pika.callback][callback.py:234][DEBUG][Calling <bound method Channel._on_synchronous_complete of <pika.channel.Channel object at 0x00000000005A9080>> for "1:Channel.OpenOk"]
[2016-03-25 10:17:41,068][MainThread:6784][task_id:pika.channel][channel.py:1088][DEBUG][0 blocked frames]
[2016-03-25 10:17:41,068][MainThread:6784][task_id:pika.callback][callback.py:234][DEBUG][Calling <bound method Channel._on_openok of <pika.channel.Channel object at 0x00000000005A9080>> for "1:Channel.OpenOk"]
[2016-03-25 10:17:41,068][MainThread:6784][task_id:pika.channel][channel.py:1130][DEBUG][Adding in on_synchronous_complete callback]
[2016-03-25 10:17:41,068][MainThread:6784][task_id:pika.callback][callback.py:164][DEBUG][Added: {'one_shot': True, 'arguments': None, 'calls': 1, 'callback': <bound method Channel._on_synchronous_complete of <pika.channel.Channel object at 0x00000000005A9080>>, 'only': None}]
[2016-03-25 10:17:41,068][MainThread:6784][task_id:pika.channel][channel.py:1135][DEBUG][Adding passed in callback]
[2016-03-25 10:17:41,068][MainThread:6784][task_id:pika.callback][callback.py:164][DEBUG][Added: {'one_shot': True, 'arguments': None, 'calls': 1, 'callback': <bound method _CallbackResult.set_value_once of <pika.adapters.blocking_connection._CallbackResult object at 0x00000000030D9DC8>>, 'only': None}]
[2016-03-25 10:17:41,069][MainThread:6784][task_id:pika.callback][callback.py:220][DEBUG][Processing 1:Exchange.DeclareOk]
[2016-03-25 10:17:41,069][MainThread:6784][task_id:pika.callback][callback.py:404][DEBUG][Processing use of oneshot callback]
[2016-03-25 10:17:41,069][MainThread:6784][task_id:pika.callback][callback.py:406][DEBUG][0 registered uses left]
[2016-03-25 10:17:41,069][MainThread:6784][task_id:pika.callback][callback.py:269][DEBUG][Removing callback #0: {'one_shot': True, 'arguments': None, 'calls': 0, 'callback': <bound method Channel._on_synchronous_complete of <pika.channel.Channel object at 0x00000000005A9080>>, 'only': None}]
[2016-03-25 10:17:41,069][MainThread:6784][task_id:pika.callback][callback.py:404][DEBUG][Processing use of oneshot callback]
[2016-03-25 10:17:41,070][MainThread:6784][task_id:pika.callback][callback.py:406][DEBUG][0 registered uses left]
[2016-03-25 10:17:41,070][MainThread:6784][task_id:pika.callback][callback.py:269][DEBUG][Removing callback #0: {'one_shot': True, 'arguments': None, 'calls': 0, 'callback': <bound method _CallbackResult.set_value_once of <pika.adapters.blocking_connection._CallbackResult object at 0x00000000030D9DC8>>, 'only': None}]
[2016-03-25 10:17:41,070][MainThread:6784][task_id:pika.callback][callback.py:234][DEBUG][Calling <bound method Channel._on_synchronous_complete of <pika.channel.Channel object at 0x00000000005A9080>> for "1:Exchange.DeclareOk"]
[2016-03-25 10:17:41,070][MainThread:6784][task_id:pika.channel][channel.py:1088][DEBUG][0 blocked frames]
[2016-03-25 10:17:41,070][MainThread:6784][task_id:pika.callback][callback.py:234][DEBUG][Calling <bound method _CallbackResult.set_value_once of <pika.adapters.blocking_connection._CallbackResult object at 0x00000000030D9DC8>> for "1:Exchange.DeclareOk"]
[2016-03-25 10:17:41,070][MainThread:6784][task_id:pika.channel][channel.py:1130][DEBUG][Adding in on_synchronous_complete callback]
[2016-03-25 10:17:41,070][MainThread:6784][task_id:pika.callback][callback.py:164][DEBUG][Added: {'one_shot': True, 'arguments': None, 'calls': 1, 'callback': <bound method Channel._on_synchronous_complete of <pika.channel.Channel object at 0x00000000005A9080>>, 'only': None}]
[2016-03-25 10:17:41,070][MainThread:6784][task_id:pika.channel][channel.py:1135][DEBUG][Adding passed in callback]
[2016-03-25 10:17:41,070][MainThread:6784][task_id:pika.callback][callback.py:164][DEBUG][Added: {'one_shot': True, 'arguments': None, 'calls': 1, 'callback': <bound method _CallbackResult.set_value_once of <pika.adapters.blocking_connection._CallbackResult object at 0x00000000030D9DC8>>, 'only': None}]
[2016-03-25 10:17:41,071][MainThread:6784][task_id:pika.callback][callback.py:220][DEBUG][Processing 1:Channel.Close]
[2016-03-25 10:17:41,071][MainThread:6784][task_id:pika.callback][callback.py:404][DEBUG][Processing use of oneshot callback]
[2016-03-25 10:17:41,071][MainThread:6784][task_id:pika.callback][callback.py:406][DEBUG][0 registered uses left]
[2016-03-25 10:17:41,072][MainThread:6784][task_id:pika.callback][callback.py:269][DEBUG][Removing callback #0: {'one_shot': True, 'arguments': None, 'calls': 0, 'callback': <bound method Channel._on_close of <pika.channel.Channel object at 0x00000000005A9080>>, 'only': None}]
[2016-03-25 10:17:41,072][MainThread:6784][task_id:pika.callback][callback.py:404][DEBUG][Processing use of oneshot callback]
[2016-03-25 10:17:41,072][MainThread:6784][task_id:pika.callback][callback.py:406][DEBUG][0 registered uses left]
[2016-03-25 10:17:41,072][MainThread:6784][task_id:pika.callback][callback.py:269][DEBUG][Removing callback #0: {'one_shot': True, 'arguments': None, 'calls': 0, 'callback': <bound method _CallbackResult.set_value_once of <pika.adapters.blocking_connection._CallbackResult object at 0x00000000030D9FC8>>, 'only': None}]
[2016-03-25 10:17:41,072][MainThread:6784][task_id:pika.callback][callback.py:234][DEBUG][Calling <bound method Channel._on_close of <pika.channel.Channel object at 0x00000000005A9080>> for "1:Channel.Close"]
[2016-03-25 10:17:41,072][MainThread:6784][task_id:pika.channel][channel.py:938][INFO][<METHOD(['channel_number=1', 'frame_type=1', 'method=<Channel.Close([\'class_id=50\', \'method_id=20\', \'reply_code=404\', "reply_text=NOT_FOUND - no queue \'rpc_queue\' in vhost \'/\'"])>'])>]
[2016-03-25 10:17:41,072][MainThread:6784][task_id:pika.channel][channel.py:941][WARNING][Received remote Channel.Close (404): NOT_FOUND - no queue 'rpc_queue' in vhost '/']
[2016-03-25 10:17:41,073][MainThread:6784][task_id:pika.callback][callback.py:220][DEBUG][Processing 1:_on_channel_cleanup]
[2016-03-25 10:17:41,073][MainThread:6784][task_id:pika.callback][callback.py:404][DEBUG][Processing use of oneshot callback]
[2016-03-25 10:17:41,073][MainThread:6784][task_id:pika.callback][callback.py:406][DEBUG][0 registered uses left]
[2016-03-25 10:17:41,073][MainThread:6784][task_id:pika.callback][callback.py:269][DEBUG][Removing callback #0: {'one_shot': True, 'arguments': None, 'calls': 0, 'callback': <bound method Connection._on_channel_cleanup of <pika.adapters.select_connection.SelectConnection object at 0x00000000007CB320>>, 'only': <pika.channel.Channel object at 0x00000000005A9080>}]
[2016-03-25 10:17:41,073][MainThread:6784][task_id:pika.callback][callback.py:234][DEBUG][Calling <bound method Connection._on_channel_cleanup of <pika.adapters.select_connection.SelectConnection object at 0x00000000007CB320>> for "1:_on_channel_cleanup"]
[2016-03-25 10:17:41,073][MainThread:6784][task_id:pika.connection][connection.py:1203][DEBUG][Removed channel 1]
[2016-03-25 10:17:41,073][MainThread:6784][task_id:pika.callback][callback.py:181][DEBUG][Clearing out '1' from the stack]
[2016-03-25 10:17:41,073][MainThread:6784][task_id:pika.callback][callback.py:234][DEBUG][Calling <bound method _CallbackResult.set_value_once of <pika.adapters.blocking_connection._CallbackResult object at 0x00000000030D9FC8>> for "1:Channel.Close"]
