[2016-03-25 10:14:13,923][MainThread:4644][task_id:core.Mylogging][Mylogging.py:58][INFO][It works!]
[2016-03-25 10:14:18,285][MainThread:4644][task_id:pika.adapters.select_connection][select_connection.py:137][DEBUG][Using SelectPoller]
[2016-03-25 10:14:18,286][MainThread:4644][task_id:pika.callback][callback.py:164][DEBUG][Added: {'one_shot': False, 'arguments': None, 'callback': <bound method _CallbackResult.set_value_once of <pika.adapters.blocking_connection._CallbackResult object at 0x0000000002CAC7C8>>, 'only': None}]
[2016-03-25 10:14:18,287][MainThread:4644][task_id:pika.callback][callback.py:164][DEBUG][Added: {'one_shot': False, 'arguments': None, 'callback': <bound method _CallbackResult.set_value_once of <pika.adapters.blocking_connection._CallbackResult object at 0x0000000002CAC908>>, 'only': None}]
[2016-03-25 10:14:18,288][MainThread:4644][task_id:pika.callback][callback.py:164][DEBUG][Added: {'one_shot': False, 'arguments': None, 'callback': <bound method _CallbackResult.set_value_once of <pika.adapters.blocking_connection._CallbackResult object at 0x000000000310AC88>>, 'only': None}]
[2016-03-25 10:14:18,288][MainThread:4644][task_id:pika.callback][callback.py:164][DEBUG][Added: {'one_shot': True, 'arguments': None, 'callback': <bound method Connection._on_connection_start of <pika.adapters.select_connection.SelectConnection object at 0x0000000003102B00>>, 'only': None, 'calls': 1}]
[2016-03-25 10:14:18,310][MainThread:4644][task_id:pika.adapters.base_connection][base_connection.py:212][INFO][Connecting to ::1:5672]
[2016-03-25 10:14:18,316][MainThread:4644][task_id:pika.callback][callback.py:220][DEBUG][Processing 0:Connection.Start]
[2016-03-25 10:14:18,317][MainThread:4644][task_id:pika.callback][callback.py:404][DEBUG][Processing use of oneshot callback]
[2016-03-25 10:14:18,317][MainThread:4644][task_id:pika.callback][callback.py:406][DEBUG][0 registered uses left]
[2016-03-25 10:14:18,318][MainThread:4644][task_id:pika.callback][callback.py:269][DEBUG][Removing callback #0: {'one_shot': True, 'arguments': None, 'callback': <bound method Connection._on_connection_start of <pika.adapters.select_connection.SelectConnection object at 0x0000000003102B00>>, 'only': None, 'calls': 0}]
[2016-03-25 10:14:18,319][MainThread:4644][task_id:pika.callback][callback.py:234][DEBUG][Calling <bound method Connection._on_connection_start of <pika.adapters.select_connection.SelectConnection object at 0x0000000003102B00>> for "0:Connection.Start"]
[2016-03-25 10:14:18,319][MainThread:4644][task_id:pika.callback][callback.py:164][DEBUG][Added: {'one_shot': True, 'arguments': None, 'callback': <bound method Connection._on_connection_tune of <pika.adapters.select_connection.SelectConnection object at 0x0000000003102B00>>, 'only': None, 'calls': 1}]
[2016-03-25 10:14:18,319][MainThread:4644][task_id:pika.callback][callback.py:220][DEBUG][Processing 0:Connection.Tune]
[2016-03-25 10:14:18,319][MainThread:4644][task_id:pika.callback][callback.py:404][DEBUG][Processing use of oneshot callback]
[2016-03-25 10:14:18,320][MainThread:4644][task_id:pika.callback][callback.py:406][DEBUG][0 registered uses left]
[2016-03-25 10:14:18,320][MainThread:4644][task_id:pika.callback][callback.py:269][DEBUG][Removing callback #0: {'one_shot': True, 'arguments': None, 'callback': <bound method Connection._on_connection_tune of <pika.adapters.select_connection.SelectConnection object at 0x0000000003102B00>>, 'only': None, 'calls': 0}]
[2016-03-25 10:14:18,320][MainThread:4644][task_id:pika.callback][callback.py:234][DEBUG][Calling <bound method Connection._on_connection_tune of <pika.adapters.select_connection.SelectConnection object at 0x0000000003102B00>> for "0:Connection.Tune"]
[2016-03-25 10:14:18,320][MainThread:4644][task_id:pika.connection][connection.py:1003][DEBUG][Creating a HeartbeatChecker: 60]
[2016-03-25 10:14:18,320][MainThread:4644][task_id:pika.callback][callback.py:164][DEBUG][Added: {'one_shot': True, 'arguments': None, 'callback': <bound method Connection._on_connection_open of <pika.adapters.select_connection.SelectConnection object at 0x0000000003102B00>>, 'only': None, 'calls': 1}]
[2016-03-25 10:14:18,320][MainThread:4644][task_id:pika.callback][callback.py:220][DEBUG][Processing 0:Connection.OpenOk]
[2016-03-25 10:14:18,321][MainThread:4644][task_id:pika.callback][callback.py:404][DEBUG][Processing use of oneshot callback]
[2016-03-25 10:14:18,321][MainThread:4644][task_id:pika.callback][callback.py:406][DEBUG][0 registered uses left]
[2016-03-25 10:14:18,321][MainThread:4644][task_id:pika.callback][callback.py:269][DEBUG][Removing callback #0: {'one_shot': True, 'arguments': None, 'callback': <bound method Connection._on_connection_open of <pika.adapters.select_connection.SelectConnection object at 0x0000000003102B00>>, 'only': None, 'calls': 0}]
[2016-03-25 10:14:18,321][MainThread:4644][task_id:pika.callback][callback.py:234][DEBUG][Calling <bound method Connection._on_connection_open of <pika.adapters.select_connection.SelectConnection object at 0x0000000003102B00>> for "0:Connection.OpenOk"]
[2016-03-25 10:14:18,321][MainThread:4644][task_id:pika.callback][callback.py:164][DEBUG][Added: {'one_shot': True, 'arguments': None, 'callback': <bound method Connection._on_connection_closed of <pika.adapters.select_connection.SelectConnection object at 0x0000000003102B00>>, 'only': None, 'calls': 1}]
[2016-03-25 10:14:18,321][MainThread:4644][task_id:pika.callback][callback.py:220][DEBUG][Processing 0:_on_connection_open]
[2016-03-25 10:14:18,321][MainThread:4644][task_id:pika.callback][callback.py:234][DEBUG][Calling <bound method _CallbackResult.set_value_once of <pika.adapters.blocking_connection._CallbackResult object at 0x0000000002CAC908>> for "0:_on_connection_open"]
[2016-03-25 10:14:18,321][MainThread:4644][task_id:pika.connection][connection.py:991][DEBUG][Creating channel 1]
[2016-03-25 10:14:18,322][MainThread:4644][task_id:pika.callback][callback.py:164][DEBUG][Added: {'one_shot': True, 'arguments': None, 'callback': <bound method Connection._on_channel_cleanup of <pika.adapters.select_connection.SelectConnection object at 0x0000000003102B00>>, 'only': <pika.channel.Channel object at 0x00000000006D9080>, 'calls': 1}]
[2016-03-25 10:14:18,322][MainThread:4644][task_id:pika.callback][callback.py:164][DEBUG][Added: {'one_shot': False, 'arguments': None, 'callback': <bound method Channel._on_getempty of <pika.channel.Channel object at 0x00000000006D9080>>, 'only': None}]
[2016-03-25 10:14:18,322][MainThread:4644][task_id:pika.callback][callback.py:164][DEBUG][Added: {'one_shot': False, 'arguments': None, 'callback': <bound method Channel._on_cancel of <pika.channel.Channel object at 0x00000000006D9080>>, 'only': None}]
[2016-03-25 10:14:18,322][MainThread:4644][task_id:pika.callback][callback.py:164][DEBUG][Added: {'one_shot': False, 'arguments': None, 'callback': <bound method Channel._on_flow of <pika.channel.Channel object at 0x00000000006D9080>>, 'only': None}]
[2016-03-25 10:14:18,322][MainThread:4644][task_id:pika.callback][callback.py:164][DEBUG][Added: {'one_shot': True, 'arguments': None, 'callback': <bound method Channel._on_close of <pika.channel.Channel object at 0x00000000006D9080>>, 'only': None, 'calls': 1}]
[2016-03-25 10:14:18,322][MainThread:4644][task_id:pika.channel][channel.py:1130][DEBUG][Adding in on_synchronous_complete callback]
[2016-03-25 10:14:18,322][MainThread:4644][task_id:pika.callback][callback.py:164][DEBUG][Added: {'one_shot': True, 'arguments': None, 'callback': <bound method Channel._on_synchronous_complete of <pika.channel.Channel object at 0x00000000006D9080>>, 'only': None, 'calls': 1}]
[2016-03-25 10:14:18,322][MainThread:4644][task_id:pika.channel][channel.py:1135][DEBUG][Adding passed in callback]
[2016-03-25 10:14:18,323][MainThread:4644][task_id:pika.callback][callback.py:164][DEBUG][Added: {'one_shot': True, 'arguments': None, 'callback': <bound method Channel._on_openok of <pika.channel.Channel object at 0x00000000006D9080>>, 'only': None, 'calls': 1}]
[2016-03-25 10:14:18,323][MainThread:4644][task_id:pika.callback][callback.py:164][DEBUG][Added: {'one_shot': False, 'arguments': None, 'callback': <bound method BlockingChannel._on_consumer_cancelled_by_broker of <pika.adapters.blocking_connection.BlockingChannel object at 0x0000000000B032B0>>, 'only': None}]
[2016-03-25 10:14:18,323][MainThread:4644][task_id:pika.callback][callback.py:164][DEBUG][Added: {'one_shot': False, 'arguments': None, 'callback': <bound method _CallbackResult.signal_once of <pika.adapters.blocking_connection._CallbackResult object at 0x0000000003132148>>, 'only': None}]
[2016-03-25 10:14:18,323][MainThread:4644][task_id:pika.callback][callback.py:164][DEBUG][Added: {'one_shot': True, 'arguments': None, 'callback': <bound method _CallbackResult.set_value_once of <pika.adapters.blocking_connection._CallbackResult object at 0x0000000003132188>>, 'only': None, 'calls': 1}]
[2016-03-25 10:14:18,323][MainThread:4644][task_id:pika.callback][callback.py:164][DEBUG][Added: {'one_shot': False, 'arguments': None, 'callback': <bound method _CallbackResult.set_value_once of <pika.adapters.blocking_connection._CallbackResult object at 0x00000000031321C8>>, 'only': None}]
[2016-03-25 10:14:18,323][MainThread:4644][task_id:pika.adapters.blocking_connection][blocking_connection.py:1099][INFO][Created channel=1]
[2016-03-25 10:14:18,323][MainThread:4644][task_id:pika.callback][callback.py:220][DEBUG][Processing 1:Channel.OpenOk]
[2016-03-25 10:14:18,323][MainThread:4644][task_id:pika.callback][callback.py:404][DEBUG][Processing use of oneshot callback]
[2016-03-25 10:14:18,324][MainThread:4644][task_id:pika.callback][callback.py:406][DEBUG][0 registered uses left]
[2016-03-25 10:14:18,324][MainThread:4644][task_id:pika.callback][callback.py:269][DEBUG][Removing callback #0: {'one_shot': True, 'arguments': None, 'callback': <bound method Channel._on_synchronous_complete of <pika.channel.Channel object at 0x00000000006D9080>>, 'only': None, 'calls': 0}]
[2016-03-25 10:14:18,324][MainThread:4644][task_id:pika.callback][callback.py:404][DEBUG][Processing use of oneshot callback]
[2016-03-25 10:14:18,324][MainThread:4644][task_id:pika.callback][callback.py:406][DEBUG][0 registered uses left]
[2016-03-25 10:14:18,324][MainThread:4644][task_id:pika.callback][callback.py:269][DEBUG][Removing callback #0: {'one_shot': True, 'arguments': None, 'callback': <bound method Channel._on_openok of <pika.channel.Channel object at 0x00000000006D9080>>, 'only': None, 'calls': 0}]
[2016-03-25 10:14:18,324][MainThread:4644][task_id:pika.callback][callback.py:234][DEBUG][Calling <bound method Channel._on_synchronous_complete of <pika.channel.Channel object at 0x00000000006D9080>> for "1:Channel.OpenOk"]
[2016-03-25 10:14:18,324][MainThread:4644][task_id:pika.channel][channel.py:1088][DEBUG][0 blocked frames]
[2016-03-25 10:14:18,324][MainThread:4644][task_id:pika.callback][callback.py:234][DEBUG][Calling <bound method Channel._on_openok of <pika.channel.Channel object at 0x00000000006D9080>> for "1:Channel.OpenOk"]
[2016-03-25 10:14:18,324][MainThread:4644][task_id:pika.channel][channel.py:1130][DEBUG][Adding in on_synchronous_complete callback]
[2016-03-25 10:14:18,325][MainThread:4644][task_id:pika.callback][callback.py:164][DEBUG][Added: {'one_shot': True, 'arguments': None, 'callback': <bound method Channel._on_synchronous_complete of <pika.channel.Channel object at 0x00000000006D9080>>, 'only': None, 'calls': 1}]
[2016-03-25 10:14:18,325][MainThread:4644][task_id:pika.channel][channel.py:1135][DEBUG][Adding passed in callback]
[2016-03-25 10:14:18,325][MainThread:4644][task_id:pika.callback][callback.py:164][DEBUG][Added: {'one_shot': True, 'arguments': None, 'callback': <bound method _CallbackResult.set_value_once of <pika.adapters.blocking_connection._CallbackResult object at 0x000000000312AF08>>, 'only': None, 'calls': 1}]
[2016-03-25 10:14:18,326][MainThread:4644][task_id:pika.callback][callback.py:220][DEBUG][Processing 1:Queue.DeclareOk]
[2016-03-25 10:14:18,326][MainThread:4644][task_id:pika.callback][callback.py:404][DEBUG][Processing use of oneshot callback]
[2016-03-25 10:14:18,326][MainThread:4644][task_id:pika.callback][callback.py:406][DEBUG][0 registered uses left]
[2016-03-25 10:14:18,326][MainThread:4644][task_id:pika.callback][callback.py:269][DEBUG][Removing callback #0: {'one_shot': True, 'arguments': None, 'callback': <bound method Channel._on_synchronous_complete of <pika.channel.Channel object at 0x00000000006D9080>>, 'only': None, 'calls': 0}]
[2016-03-25 10:14:18,327][MainThread:4644][task_id:pika.callback][callback.py:404][DEBUG][Processing use of oneshot callback]
[2016-03-25 10:14:18,327][MainThread:4644][task_id:pika.callback][callback.py:406][DEBUG][0 registered uses left]
[2016-03-25 10:14:18,327][MainThread:4644][task_id:pika.callback][callback.py:269][DEBUG][Removing callback #0: {'one_shot': True, 'arguments': None, 'callback': <bound method _CallbackResult.set_value_once of <pika.adapters.blocking_connection._CallbackResult object at 0x000000000312AF08>>, 'only': None, 'calls': 0}]
[2016-03-25 10:14:18,327][MainThread:4644][task_id:pika.callback][callback.py:234][DEBUG][Calling <bound method Channel._on_synchronous_complete of <pika.channel.Channel object at 0x00000000006D9080>> for "1:Queue.DeclareOk"]
[2016-03-25 10:14:18,327][MainThread:4644][task_id:pika.channel][channel.py:1088][DEBUG][0 blocked frames]
[2016-03-25 10:14:18,327][MainThread:4644][task_id:pika.callback][callback.py:234][DEBUG][Calling <bound method _CallbackResult.set_value_once of <pika.adapters.blocking_connection._CallbackResult object at 0x000000000312AF08>> for "1:Queue.DeclareOk"]
[2016-03-25 10:14:18,327][MainThread:4644][task_id:pika.channel][channel.py:1130][DEBUG][Adding in on_synchronous_complete callback]
[2016-03-25 10:14:18,327][MainThread:4644][task_id:pika.callback][callback.py:164][DEBUG][Added: {'one_shot': True, 'arguments': None, 'callback': <bound method Channel._on_synchronous_complete of <pika.channel.Channel object at 0x00000000006D9080>>, 'only': None, 'calls': 1}]
[2016-03-25 10:14:18,327][MainThread:4644][task_id:pika.channel][channel.py:1135][DEBUG][Adding passed in callback]
[2016-03-25 10:14:18,328][MainThread:4644][task_id:pika.callback][callback.py:164][DEBUG][Added: {'one_shot': True, 'arguments': None, 'callback': <bound method _CallbackResult.set_value_once of <pika.adapters.blocking_connection._CallbackResult object at 0x000000000312AF08>>, 'only': None, 'calls': 1}]
[2016-03-25 10:14:18,328][MainThread:4644][task_id:pika.callback][callback.py:220][DEBUG][Processing 1:Exchange.DeclareOk]
[2016-03-25 10:14:18,328][MainThread:4644][task_id:pika.callback][callback.py:404][DEBUG][Processing use of oneshot callback]
[2016-03-25 10:14:18,328][MainThread:4644][task_id:pika.callback][callback.py:406][DEBUG][0 registered uses left]
[2016-03-25 10:14:18,328][MainThread:4644][task_id:pika.callback][callback.py:269][DEBUG][Removing callback #0: {'one_shot': True, 'arguments': None, 'callback': <bound method Channel._on_synchronous_complete of <pika.channel.Channel object at 0x00000000006D9080>>, 'only': None, 'calls': 0}]
[2016-03-25 10:14:18,328][MainThread:4644][task_id:pika.callback][callback.py:404][DEBUG][Processing use of oneshot callback]
[2016-03-25 10:14:18,328][MainThread:4644][task_id:pika.callback][callback.py:406][DEBUG][0 registered uses left]
[2016-03-25 10:14:18,329][MainThread:4644][task_id:pika.callback][callback.py:269][DEBUG][Removing callback #0: {'one_shot': True, 'arguments': None, 'callback': <bound method _CallbackResult.set_value_once of <pika.adapters.blocking_connection._CallbackResult object at 0x000000000312AF08>>, 'only': None, 'calls': 0}]
[2016-03-25 10:14:18,329][MainThread:4644][task_id:pika.callback][callback.py:234][DEBUG][Calling <bound method Channel._on_synchronous_complete of <pika.channel.Channel object at 0x00000000006D9080>> for "1:Exchange.DeclareOk"]
[2016-03-25 10:14:18,329][MainThread:4644][task_id:pika.channel][channel.py:1088][DEBUG][0 blocked frames]
[2016-03-25 10:14:18,329][MainThread:4644][task_id:pika.callback][callback.py:234][DEBUG][Calling <bound method _CallbackResult.set_value_once of <pika.adapters.blocking_connection._CallbackResult object at 0x000000000312AF08>> for "1:Exchange.DeclareOk"]
[2016-03-25 10:14:18,329][MainThread:4644][task_id:pika.channel][channel.py:1130][DEBUG][Adding in on_synchronous_complete callback]
[2016-03-25 10:14:18,329][MainThread:4644][task_id:pika.callback][callback.py:164][DEBUG][Added: {'one_shot': True, 'arguments': {'consumer_tag': 'ctag1.6333b2631b8a4693acd39cfb8c0285bc'}, 'callback': <bound method Channel._on_synchronous_complete of <pika.channel.Channel object at 0x00000000006D9080>>, 'only': None, 'calls': 1}]
[2016-03-25 10:14:18,329][MainThread:4644][task_id:pika.channel][channel.py:1135][DEBUG][Adding passed in callback]
[2016-03-25 10:14:18,329][MainThread:4644][task_id:pika.callback][callback.py:164][DEBUG][Added: {'one_shot': True, 'arguments': {'consumer_tag': 'ctag1.6333b2631b8a4693acd39cfb8c0285bc'}, 'callback': <bound method Channel._on_eventok of <pika.channel.Channel object at 0x00000000006D9080>>, 'only': None, 'calls': 1}]
[2016-03-25 10:14:18,330][MainThread:4644][task_id:pika.callback][callback.py:220][DEBUG][Processing 1:Basic.ConsumeOk]
[2016-03-25 10:14:18,330][MainThread:4644][task_id:pika.callback][callback.py:404][DEBUG][Processing use of oneshot callback]
[2016-03-25 10:14:18,330][MainThread:4644][task_id:pika.callback][callback.py:406][DEBUG][0 registered uses left]
[2016-03-25 10:14:18,330][MainThread:4644][task_id:pika.callback][callback.py:350][DEBUG][Comparing {'consumer_tag': 'ctag1.6333b2631b8a4693acd39cfb8c0285bc'} to {'consumer_tag': 'ctag1.6333b2631b8a4693acd39cfb8c0285bc'}]
[2016-03-25 10:14:18,330][MainThread:4644][task_id:pika.callback][callback.py:269][DEBUG][Removing callback #1: {'one_shot': True, 'arguments': {'consumer_tag': 'ctag1.6333b2631b8a4693acd39cfb8c0285bc'}, 'callback': <bound method Channel._on_synchronous_complete of <pika.channel.Channel object at 0x00000000006D9080>>, 'only': None, 'calls': 0}]
[2016-03-25 10:14:18,330][MainThread:4644][task_id:pika.callback][callback.py:404][DEBUG][Processing use of oneshot callback]
[2016-03-25 10:14:18,330][MainThread:4644][task_id:pika.callback][callback.py:406][DEBUG][0 registered uses left]
[2016-03-25 10:14:18,331][MainThread:4644][task_id:pika.callback][callback.py:350][DEBUG][Comparing {'consumer_tag': 'ctag1.6333b2631b8a4693acd39cfb8c0285bc'} to {'consumer_tag': 'ctag1.6333b2631b8a4693acd39cfb8c0285bc'}]
[2016-03-25 10:14:18,331][MainThread:4644][task_id:pika.callback][callback.py:269][DEBUG][Removing callback #1: {'one_shot': True, 'arguments': {'consumer_tag': 'ctag1.6333b2631b8a4693acd39cfb8c0285bc'}, 'callback': <bound method Channel._on_eventok of <pika.channel.Channel object at 0x00000000006D9080>>, 'only': None, 'calls': 0}]
[2016-03-25 10:14:18,331][MainThread:4644][task_id:pika.callback][callback.py:234][DEBUG][Calling <bound method _CallbackResult.signal_once of <pika.adapters.blocking_connection._CallbackResult object at 0x0000000003132148>> for "1:Basic.ConsumeOk"]
[2016-03-25 10:14:18,331][MainThread:4644][task_id:pika.callback][callback.py:234][DEBUG][Calling <bound method Channel._on_synchronous_complete of <pika.channel.Channel object at 0x00000000006D9080>> for "1:Basic.ConsumeOk"]
[2016-03-25 10:14:18,331][MainThread:4644][task_id:pika.channel][channel.py:1088][DEBUG][0 blocked frames]
[2016-03-25 10:14:18,331][MainThread:4644][task_id:pika.callback][callback.py:234][DEBUG][Calling <bound method Channel._on_eventok of <pika.channel.Channel object at 0x00000000006D9080>> for "1:Basic.ConsumeOk"]
[2016-03-25 10:14:18,331][MainThread:4644][task_id:pika.channel][channel.py:993][DEBUG][Discarding frame <METHOD(['channel_number=1', 'frame_type=1', "method=<Basic.ConsumeOk(['consumer_tag=ctag1.6333b2631b8a4693acd39cfb8c0285bc'])>"])>]
[2016-03-25 10:14:18,331][MainThread:4644][task_id:core.rabbitmq_rpc_master][rabbitmq_rpc_master.py:65][INFO][ [x] sent instruction:dir]
[2016-03-25 10:15:18,312][MainThread:4644][task_id:pika.heartbeat][heartbeat.py:74][DEBUG][Received heartbeat frame]
[2016-03-25 10:15:18,320][MainThread:4644][task_id:pika.heartbeat][heartbeat.py:85][DEBUG][Received 1 heartbeat frames, sent 0]
[2016-03-25 10:15:18,320][MainThread:4644][task_id:pika.heartbeat][heartbeat.py:144][DEBUG][Sending heartbeat frame]
[2016-03-25 10:16:18,321][MainThread:4644][task_id:pika.heartbeat][heartbeat.py:85][DEBUG][Received 1 heartbeat frames, sent 1]
[2016-03-25 10:16:18,321][MainThread:4644][task_id:pika.heartbeat][heartbeat.py:144][DEBUG][Sending heartbeat frame]
[2016-03-25 10:16:18,329][MainThread:4644][task_id:pika.heartbeat][heartbeat.py:74][DEBUG][Received heartbeat frame]
[2016-03-25 10:17:18,321][MainThread:4644][task_id:pika.heartbeat][heartbeat.py:85][DEBUG][Received 2 heartbeat frames, sent 2]
[2016-03-25 10:17:18,321][MainThread:4644][task_id:pika.heartbeat][heartbeat.py:144][DEBUG][Sending heartbeat frame]
[2016-03-25 10:17:18,360][MainThread:4644][task_id:pika.heartbeat][heartbeat.py:74][DEBUG][Received heartbeat frame]
[2016-03-25 10:18:18,322][MainThread:4644][task_id:pika.heartbeat][heartbeat.py:85][DEBUG][Received 3 heartbeat frames, sent 3]
[2016-03-25 10:18:18,322][MainThread:4644][task_id:pika.heartbeat][heartbeat.py:144][DEBUG][Sending heartbeat frame]
[2016-03-25 10:18:18,380][MainThread:4644][task_id:pika.heartbeat][heartbeat.py:74][DEBUG][Received heartbeat frame]
[2016-03-25 10:19:18,323][MainThread:4644][task_id:pika.heartbeat][heartbeat.py:85][DEBUG][Received 4 heartbeat frames, sent 4]
[2016-03-25 10:19:18,323][MainThread:4644][task_id:pika.heartbeat][heartbeat.py:144][DEBUG][Sending heartbeat frame]
[2016-03-25 10:19:18,386][MainThread:4644][task_id:pika.heartbeat][heartbeat.py:74][DEBUG][Received heartbeat frame]
[2016-03-25 10:20:18,324][MainThread:4644][task_id:pika.heartbeat][heartbeat.py:85][DEBUG][Received 5 heartbeat frames, sent 5]
[2016-03-25 10:20:18,324][MainThread:4644][task_id:pika.heartbeat][heartbeat.py:144][DEBUG][Sending heartbeat frame]
[2016-03-25 10:20:18,385][MainThread:4644][task_id:pika.heartbeat][heartbeat.py:74][DEBUG][Received heartbeat frame]
[2016-03-25 10:21:18,325][MainThread:4644][task_id:pika.heartbeat][heartbeat.py:85][DEBUG][Received 6 heartbeat frames, sent 6]
[2016-03-25 10:21:18,325][MainThread:4644][task_id:pika.heartbeat][heartbeat.py:144][DEBUG][Sending heartbeat frame]
[2016-03-25 10:21:18,381][MainThread:4644][task_id:pika.heartbeat][heartbeat.py:74][DEBUG][Received heartbeat frame]
[2016-03-25 10:22:18,325][MainThread:4644][task_id:pika.heartbeat][heartbeat.py:85][DEBUG][Received 7 heartbeat frames, sent 7]
[2016-03-25 10:22:18,325][MainThread:4644][task_id:pika.heartbeat][heartbeat.py:144][DEBUG][Sending heartbeat frame]
[2016-03-25 10:22:18,380][MainThread:4644][task_id:pika.heartbeat][heartbeat.py:74][DEBUG][Received heartbeat frame]
[2016-03-25 10:23:18,326][MainThread:4644][task_id:pika.heartbeat][heartbeat.py:85][DEBUG][Received 8 heartbeat frames, sent 8]
[2016-03-25 10:23:18,326][MainThread:4644][task_id:pika.heartbeat][heartbeat.py:144][DEBUG][Sending heartbeat frame]
[2016-03-25 10:23:18,394][MainThread:4644][task_id:pika.heartbeat][heartbeat.py:74][DEBUG][Received heartbeat frame]
[2016-03-25 10:38:31,290][MainThread:2988][task_id:core.Mylogging][Mylogging.py:58][INFO][It works!]
[2016-03-25 10:38:43,970][MainThread:2988][task_id:pika.adapters.select_connection][select_connection.py:137][DEBUG][Using SelectPoller]
[2016-03-25 10:38:43,971][MainThread:2988][task_id:pika.callback][callback.py:164][DEBUG][Added: {'callback': <bound method _CallbackResult.set_value_once of <pika.adapters.blocking_connection._CallbackResult object at 0x0000000002C6BB88>>, 'arguments': None, 'one_shot': False, 'only': None}]
[2016-03-25 10:38:43,972][MainThread:2988][task_id:pika.callback][callback.py:164][DEBUG][Added: {'callback': <bound method _CallbackResult.set_value_once of <pika.adapters.blocking_connection._CallbackResult object at 0x000000000107CB48>>, 'arguments': None, 'one_shot': False, 'only': None}]
[2016-03-25 10:38:43,973][MainThread:2988][task_id:pika.callback][callback.py:164][DEBUG][Added: {'callback': <bound method _CallbackResult.set_value_once of <pika.adapters.blocking_connection._CallbackResult object at 0x00000000030C9C08>>, 'arguments': None, 'one_shot': False, 'only': None}]
[2016-03-25 10:38:43,974][MainThread:2988][task_id:pika.callback][callback.py:164][DEBUG][Added: {'calls': 1, 'callback': <bound method Connection._on_connection_start of <pika.adapters.select_connection.SelectConnection object at 0x00000000030C1B38>>, 'arguments': None, 'one_shot': True, 'only': None}]
[2016-03-25 10:38:43,995][MainThread:2988][task_id:pika.adapters.base_connection][base_connection.py:212][INFO][Connecting to ::1:5672]
[2016-03-25 10:38:44,000][MainThread:2988][task_id:pika.callback][callback.py:220][DEBUG][Processing 0:Connection.Start]
[2016-03-25 10:38:44,000][MainThread:2988][task_id:pika.callback][callback.py:404][DEBUG][Processing use of oneshot callback]
[2016-03-25 10:38:44,001][MainThread:2988][task_id:pika.callback][callback.py:406][DEBUG][0 registered uses left]
[2016-03-25 10:38:44,001][MainThread:2988][task_id:pika.callback][callback.py:269][DEBUG][Removing callback #0: {'calls': 0, 'callback': <bound method Connection._on_connection_start of <pika.adapters.select_connection.SelectConnection object at 0x00000000030C1B38>>, 'arguments': None, 'one_shot': True, 'only': None}]
[2016-03-25 10:38:44,001][MainThread:2988][task_id:pika.callback][callback.py:234][DEBUG][Calling <bound method Connection._on_connection_start of <pika.adapters.select_connection.SelectConnection object at 0x00000000030C1B38>> for "0:Connection.Start"]
[2016-03-25 10:38:44,001][MainThread:2988][task_id:pika.callback][callback.py:164][DEBUG][Added: {'calls': 1, 'callback': <bound method Connection._on_connection_tune of <pika.adapters.select_connection.SelectConnection object at 0x00000000030C1B38>>, 'arguments': None, 'one_shot': True, 'only': None}]
[2016-03-25 10:38:44,002][MainThread:2988][task_id:pika.callback][callback.py:220][DEBUG][Processing 0:Connection.Tune]
[2016-03-25 10:38:44,002][MainThread:2988][task_id:pika.callback][callback.py:404][DEBUG][Processing use of oneshot callback]
[2016-03-25 10:38:44,002][MainThread:2988][task_id:pika.callback][callback.py:406][DEBUG][0 registered uses left]
[2016-03-25 10:38:44,002][MainThread:2988][task_id:pika.callback][callback.py:269][DEBUG][Removing callback #0: {'calls': 0, 'callback': <bound method Connection._on_connection_tune of <pika.adapters.select_connection.SelectConnection object at 0x00000000030C1B38>>, 'arguments': None, 'one_shot': True, 'only': None}]
[2016-03-25 10:38:44,002][MainThread:2988][task_id:pika.callback][callback.py:234][DEBUG][Calling <bound method Connection._on_connection_tune of <pika.adapters.select_connection.SelectConnection object at 0x00000000030C1B38>> for "0:Connection.Tune"]
[2016-03-25 10:38:44,002][MainThread:2988][task_id:pika.connection][connection.py:1003][DEBUG][Creating a HeartbeatChecker: 60]
[2016-03-25 10:38:44,003][MainThread:2988][task_id:pika.callback][callback.py:164][DEBUG][Added: {'calls': 1, 'callback': <bound method Connection._on_connection_open of <pika.adapters.select_connection.SelectConnection object at 0x00000000030C1B38>>, 'arguments': None, 'one_shot': True, 'only': None}]
[2016-03-25 10:38:44,003][MainThread:2988][task_id:pika.callback][callback.py:220][DEBUG][Processing 0:Connection.OpenOk]
[2016-03-25 10:38:44,003][MainThread:2988][task_id:pika.callback][callback.py:404][DEBUG][Processing use of oneshot callback]
[2016-03-25 10:38:44,003][MainThread:2988][task_id:pika.callback][callback.py:406][DEBUG][0 registered uses left]
[2016-03-25 10:38:44,003][MainThread:2988][task_id:pika.callback][callback.py:269][DEBUG][Removing callback #0: {'calls': 0, 'callback': <bound method Connection._on_connection_open of <pika.adapters.select_connection.SelectConnection object at 0x00000000030C1B38>>, 'arguments': None, 'one_shot': True, 'only': None}]
[2016-03-25 10:38:44,003][MainThread:2988][task_id:pika.callback][callback.py:234][DEBUG][Calling <bound method Connection._on_connection_open of <pika.adapters.select_connection.SelectConnection object at 0x00000000030C1B38>> for "0:Connection.OpenOk"]
[2016-03-25 10:38:44,004][MainThread:2988][task_id:pika.callback][callback.py:164][DEBUG][Added: {'calls': 1, 'callback': <bound method Connection._on_connection_closed of <pika.adapters.select_connection.SelectConnection object at 0x00000000030C1B38>>, 'arguments': None, 'one_shot': True, 'only': None}]
[2016-03-25 10:38:44,004][MainThread:2988][task_id:pika.callback][callback.py:220][DEBUG][Processing 0:_on_connection_open]
[2016-03-25 10:38:44,004][MainThread:2988][task_id:pika.callback][callback.py:234][DEBUG][Calling <bound method _CallbackResult.set_value_once of <pika.adapters.blocking_connection._CallbackResult object at 0x000000000107CB48>> for "0:_on_connection_open"]
[2016-03-25 10:38:44,004][MainThread:2988][task_id:pika.connection][connection.py:991][DEBUG][Creating channel 1]
[2016-03-25 10:38:44,004][MainThread:2988][task_id:pika.callback][callback.py:164][DEBUG][Added: {'calls': 1, 'callback': <bound method Connection._on_channel_cleanup of <pika.adapters.select_connection.SelectConnection object at 0x00000000030C1B38>>, 'arguments': None, 'one_shot': True, 'only': <pika.channel.Channel object at 0x00000000006D9080>}]
[2016-03-25 10:38:44,004][MainThread:2988][task_id:pika.callback][callback.py:164][DEBUG][Added: {'callback': <bound method Channel._on_getempty of <pika.channel.Channel object at 0x00000000006D9080>>, 'arguments': None, 'one_shot': False, 'only': None}]
[2016-03-25 10:38:44,004][MainThread:2988][task_id:pika.callback][callback.py:164][DEBUG][Added: {'callback': <bound method Channel._on_cancel of <pika.channel.Channel object at 0x00000000006D9080>>, 'arguments': None, 'one_shot': False, 'only': None}]
[2016-03-25 10:38:44,004][MainThread:2988][task_id:pika.callback][callback.py:164][DEBUG][Added: {'callback': <bound method Channel._on_flow of <pika.channel.Channel object at 0x00000000006D9080>>, 'arguments': None, 'one_shot': False, 'only': None}]
[2016-03-25 10:38:44,005][MainThread:2988][task_id:pika.callback][callback.py:164][DEBUG][Added: {'calls': 1, 'callback': <bound method Channel._on_close of <pika.channel.Channel object at 0x00000000006D9080>>, 'arguments': None, 'one_shot': True, 'only': None}]
[2016-03-25 10:38:44,005][MainThread:2988][task_id:pika.channel][channel.py:1130][DEBUG][Adding in on_synchronous_complete callback]
[2016-03-25 10:38:44,005][MainThread:2988][task_id:pika.callback][callback.py:164][DEBUG][Added: {'calls': 1, 'callback': <bound method Channel._on_synchronous_complete of <pika.channel.Channel object at 0x00000000006D9080>>, 'arguments': None, 'one_shot': True, 'only': None}]
[2016-03-25 10:38:44,005][MainThread:2988][task_id:pika.channel][channel.py:1135][DEBUG][Adding passed in callback]
[2016-03-25 10:38:44,005][MainThread:2988][task_id:pika.callback][callback.py:164][DEBUG][Added: {'calls': 1, 'callback': <bound method Channel._on_openok of <pika.channel.Channel object at 0x00000000006D9080>>, 'arguments': None, 'one_shot': True, 'only': None}]
[2016-03-25 10:38:44,005][MainThread:2988][task_id:pika.callback][callback.py:164][DEBUG][Added: {'callback': <bound method BlockingChannel._on_consumer_cancelled_by_broker of <pika.adapters.blocking_connection.BlockingChannel object at 0x0000000002C6AB00>>, 'arguments': None, 'one_shot': False, 'only': None}]
[2016-03-25 10:38:44,005][MainThread:2988][task_id:pika.callback][callback.py:164][DEBUG][Added: {'callback': <bound method _CallbackResult.signal_once of <pika.adapters.blocking_connection._CallbackResult object at 0x00000000030F0188>>, 'arguments': None, 'one_shot': False, 'only': None}]
[2016-03-25 10:38:44,006][MainThread:2988][task_id:pika.callback][callback.py:164][DEBUG][Added: {'calls': 1, 'callback': <bound method _CallbackResult.set_value_once of <pika.adapters.blocking_connection._CallbackResult object at 0x00000000030F01C8>>, 'arguments': None, 'one_shot': True, 'only': None}]
[2016-03-25 10:38:44,006][MainThread:2988][task_id:pika.callback][callback.py:164][DEBUG][Added: {'callback': <bound method _CallbackResult.set_value_once of <pika.adapters.blocking_connection._CallbackResult object at 0x00000000030F0208>>, 'arguments': None, 'one_shot': False, 'only': None}]
[2016-03-25 10:38:44,006][MainThread:2988][task_id:pika.adapters.blocking_connection][blocking_connection.py:1099][INFO][Created channel=1]
[2016-03-25 10:38:44,006][MainThread:2988][task_id:pika.callback][callback.py:220][DEBUG][Processing 1:Channel.OpenOk]
[2016-03-25 10:38:44,006][MainThread:2988][task_id:pika.callback][callback.py:404][DEBUG][Processing use of oneshot callback]
[2016-03-25 10:38:44,006][MainThread:2988][task_id:pika.callback][callback.py:406][DEBUG][0 registered uses left]
[2016-03-25 10:38:44,006][MainThread:2988][task_id:pika.callback][callback.py:269][DEBUG][Removing callback #0: {'calls': 0, 'callback': <bound method Channel._on_synchronous_complete of <pika.channel.Channel object at 0x00000000006D9080>>, 'arguments': None, 'one_shot': True, 'only': None}]
[2016-03-25 10:38:44,006][MainThread:2988][task_id:pika.callback][callback.py:404][DEBUG][Processing use of oneshot callback]
[2016-03-25 10:38:44,007][MainThread:2988][task_id:pika.callback][callback.py:406][DEBUG][0 registered uses left]
[2016-03-25 10:38:44,007][MainThread:2988][task_id:pika.callback][callback.py:269][DEBUG][Removing callback #0: {'calls': 0, 'callback': <bound method Channel._on_openok of <pika.channel.Channel object at 0x00000000006D9080>>, 'arguments': None, 'one_shot': True, 'only': None}]
[2016-03-25 10:38:44,007][MainThread:2988][task_id:pika.callback][callback.py:234][DEBUG][Calling <bound method Channel._on_synchronous_complete of <pika.channel.Channel object at 0x00000000006D9080>> for "1:Channel.OpenOk"]
[2016-03-25 10:38:44,007][MainThread:2988][task_id:pika.channel][channel.py:1088][DEBUG][0 blocked frames]
[2016-03-25 10:38:44,007][MainThread:2988][task_id:pika.callback][callback.py:234][DEBUG][Calling <bound method Channel._on_openok of <pika.channel.Channel object at 0x00000000006D9080>> for "1:Channel.OpenOk"]
[2016-03-25 10:38:44,007][MainThread:2988][task_id:pika.channel][channel.py:1130][DEBUG][Adding in on_synchronous_complete callback]
[2016-03-25 10:38:44,007][MainThread:2988][task_id:pika.callback][callback.py:164][DEBUG][Added: {'calls': 1, 'callback': <bound method Channel._on_synchronous_complete of <pika.channel.Channel object at 0x00000000006D9080>>, 'arguments': None, 'one_shot': True, 'only': None}]
[2016-03-25 10:38:44,007][MainThread:2988][task_id:pika.channel][channel.py:1135][DEBUG][Adding passed in callback]
[2016-03-25 10:38:44,007][MainThread:2988][task_id:pika.callback][callback.py:164][DEBUG][Added: {'calls': 1, 'callback': <bound method _CallbackResult.set_value_once of <pika.adapters.blocking_connection._CallbackResult object at 0x00000000030E8F88>>, 'arguments': None, 'one_shot': True, 'only': None}]
[2016-03-25 10:38:44,009][MainThread:2988][task_id:pika.callback][callback.py:220][DEBUG][Processing 1:Queue.DeclareOk]
[2016-03-25 10:38:44,009][MainThread:2988][task_id:pika.callback][callback.py:404][DEBUG][Processing use of oneshot callback]
[2016-03-25 10:38:44,009][MainThread:2988][task_id:pika.callback][callback.py:406][DEBUG][0 registered uses left]
[2016-03-25 10:38:44,009][MainThread:2988][task_id:pika.callback][callback.py:269][DEBUG][Removing callback #0: {'calls': 0, 'callback': <bound method Channel._on_synchronous_complete of <pika.channel.Channel object at 0x00000000006D9080>>, 'arguments': None, 'one_shot': True, 'only': None}]
[2016-03-25 10:38:44,009][MainThread:2988][task_id:pika.callback][callback.py:404][DEBUG][Processing use of oneshot callback]
[2016-03-25 10:38:44,009][MainThread:2988][task_id:pika.callback][callback.py:406][DEBUG][0 registered uses left]
[2016-03-25 10:38:44,010][MainThread:2988][task_id:pika.callback][callback.py:269][DEBUG][Removing callback #0: {'calls': 0, 'callback': <bound method _CallbackResult.set_value_once of <pika.adapters.blocking_connection._CallbackResult object at 0x00000000030E8F88>>, 'arguments': None, 'one_shot': True, 'only': None}]
[2016-03-25 10:38:44,010][MainThread:2988][task_id:pika.callback][callback.py:234][DEBUG][Calling <bound method Channel._on_synchronous_complete of <pika.channel.Channel object at 0x00000000006D9080>> for "1:Queue.DeclareOk"]
[2016-03-25 10:38:44,010][MainThread:2988][task_id:pika.channel][channel.py:1088][DEBUG][0 blocked frames]
[2016-03-25 10:38:44,010][MainThread:2988][task_id:pika.callback][callback.py:234][DEBUG][Calling <bound method _CallbackResult.set_value_once of <pika.adapters.blocking_connection._CallbackResult object at 0x00000000030E8F88>> for "1:Queue.DeclareOk"]
[2016-03-25 10:38:44,010][MainThread:2988][task_id:pika.channel][channel.py:1130][DEBUG][Adding in on_synchronous_complete callback]
[2016-03-25 10:38:44,010][MainThread:2988][task_id:pika.callback][callback.py:164][DEBUG][Added: {'calls': 1, 'callback': <bound method Channel._on_synchronous_complete of <pika.channel.Channel object at 0x00000000006D9080>>, 'arguments': None, 'one_shot': True, 'only': None}]
[2016-03-25 10:38:44,010][MainThread:2988][task_id:pika.channel][channel.py:1135][DEBUG][Adding passed in callback]
[2016-03-25 10:38:44,010][MainThread:2988][task_id:pika.callback][callback.py:164][DEBUG][Added: {'calls': 1, 'callback': <bound method _CallbackResult.set_value_once of <pika.adapters.blocking_connection._CallbackResult object at 0x00000000030E8F88>>, 'arguments': None, 'one_shot': True, 'only': None}]
[2016-03-25 10:38:44,011][MainThread:2988][task_id:pika.callback][callback.py:220][DEBUG][Processing 1:Exchange.DeclareOk]
[2016-03-25 10:38:44,011][MainThread:2988][task_id:pika.callback][callback.py:404][DEBUG][Processing use of oneshot callback]
[2016-03-25 10:38:44,011][MainThread:2988][task_id:pika.callback][callback.py:406][DEBUG][0 registered uses left]
[2016-03-25 10:38:44,011][MainThread:2988][task_id:pika.callback][callback.py:269][DEBUG][Removing callback #0: {'calls': 0, 'callback': <bound method Channel._on_synchronous_complete of <pika.channel.Channel object at 0x00000000006D9080>>, 'arguments': None, 'one_shot': True, 'only': None}]
[2016-03-25 10:38:44,011][MainThread:2988][task_id:pika.callback][callback.py:404][DEBUG][Processing use of oneshot callback]
[2016-03-25 10:38:44,011][MainThread:2988][task_id:pika.callback][callback.py:406][DEBUG][0 registered uses left]
[2016-03-25 10:38:44,012][MainThread:2988][task_id:pika.callback][callback.py:269][DEBUG][Removing callback #0: {'calls': 0, 'callback': <bound method _CallbackResult.set_value_once of <pika.adapters.blocking_connection._CallbackResult object at 0x00000000030E8F88>>, 'arguments': None, 'one_shot': True, 'only': None}]
[2016-03-25 10:38:44,012][MainThread:2988][task_id:pika.callback][callback.py:234][DEBUG][Calling <bound method Channel._on_synchronous_complete of <pika.channel.Channel object at 0x00000000006D9080>> for "1:Exchange.DeclareOk"]
[2016-03-25 10:38:44,012][MainThread:2988][task_id:pika.channel][channel.py:1088][DEBUG][0 blocked frames]
[2016-03-25 10:38:44,012][MainThread:2988][task_id:pika.callback][callback.py:234][DEBUG][Calling <bound method _CallbackResult.set_value_once of <pika.adapters.blocking_connection._CallbackResult object at 0x00000000030E8F88>> for "1:Exchange.DeclareOk"]
[2016-03-25 10:38:44,012][MainThread:2988][task_id:pika.channel][channel.py:1130][DEBUG][Adding in on_synchronous_complete callback]
[2016-03-25 10:38:44,012][MainThread:2988][task_id:pika.callback][callback.py:164][DEBUG][Added: {'calls': 1, 'callback': <bound method Channel._on_synchronous_complete of <pika.channel.Channel object at 0x00000000006D9080>>, 'arguments': {'consumer_tag': 'ctag1.a81ea32cf05b4fcdb1d3800fa8570be1'}, 'one_shot': True, 'only': None}]
[2016-03-25 10:38:44,012][MainThread:2988][task_id:pika.channel][channel.py:1135][DEBUG][Adding passed in callback]
[2016-03-25 10:38:44,012][MainThread:2988][task_id:pika.callback][callback.py:164][DEBUG][Added: {'calls': 1, 'callback': <bound method Channel._on_eventok of <pika.channel.Channel object at 0x00000000006D9080>>, 'arguments': {'consumer_tag': 'ctag1.a81ea32cf05b4fcdb1d3800fa8570be1'}, 'one_shot': True, 'only': None}]
[2016-03-25 10:38:44,014][MainThread:2988][task_id:pika.callback][callback.py:220][DEBUG][Processing 1:Basic.ConsumeOk]
[2016-03-25 10:38:44,014][MainThread:2988][task_id:pika.callback][callback.py:404][DEBUG][Processing use of oneshot callback]
[2016-03-25 10:38:44,014][MainThread:2988][task_id:pika.callback][callback.py:406][DEBUG][0 registered uses left]
[2016-03-25 10:38:44,014][MainThread:2988][task_id:pika.callback][callback.py:350][DEBUG][Comparing {'consumer_tag': 'ctag1.a81ea32cf05b4fcdb1d3800fa8570be1'} to {'consumer_tag': 'ctag1.a81ea32cf05b4fcdb1d3800fa8570be1'}]
[2016-03-25 10:38:44,015][MainThread:2988][task_id:pika.callback][callback.py:269][DEBUG][Removing callback #1: {'calls': 0, 'callback': <bound method Channel._on_synchronous_complete of <pika.channel.Channel object at 0x00000000006D9080>>, 'arguments': {'consumer_tag': 'ctag1.a81ea32cf05b4fcdb1d3800fa8570be1'}, 'one_shot': True, 'only': None}]
[2016-03-25 10:38:44,015][MainThread:2988][task_id:pika.callback][callback.py:404][DEBUG][Processing use of oneshot callback]
[2016-03-25 10:38:44,015][MainThread:2988][task_id:pika.callback][callback.py:406][DEBUG][0 registered uses left]
[2016-03-25 10:38:44,015][MainThread:2988][task_id:pika.callback][callback.py:350][DEBUG][Comparing {'consumer_tag': 'ctag1.a81ea32cf05b4fcdb1d3800fa8570be1'} to {'consumer_tag': 'ctag1.a81ea32cf05b4fcdb1d3800fa8570be1'}]
[2016-03-25 10:38:44,015][MainThread:2988][task_id:pika.callback][callback.py:269][DEBUG][Removing callback #1: {'calls': 0, 'callback': <bound method Channel._on_eventok of <pika.channel.Channel object at 0x00000000006D9080>>, 'arguments': {'consumer_tag': 'ctag1.a81ea32cf05b4fcdb1d3800fa8570be1'}, 'one_shot': True, 'only': None}]
[2016-03-25 10:38:44,015][MainThread:2988][task_id:pika.callback][callback.py:234][DEBUG][Calling <bound method _CallbackResult.signal_once of <pika.adapters.blocking_connection._CallbackResult object at 0x00000000030F0188>> for "1:Basic.ConsumeOk"]
[2016-03-25 10:38:44,015][MainThread:2988][task_id:pika.callback][callback.py:234][DEBUG][Calling <bound method Channel._on_synchronous_complete of <pika.channel.Channel object at 0x00000000006D9080>> for "1:Basic.ConsumeOk"]
[2016-03-25 10:38:44,015][MainThread:2988][task_id:pika.channel][channel.py:1088][DEBUG][0 blocked frames]
[2016-03-25 10:38:44,015][MainThread:2988][task_id:pika.callback][callback.py:234][DEBUG][Calling <bound method Channel._on_eventok of <pika.channel.Channel object at 0x00000000006D9080>> for "1:Basic.ConsumeOk"]
[2016-03-25 10:38:44,015][MainThread:2988][task_id:pika.channel][channel.py:993][DEBUG][Discarding frame <METHOD(['channel_number=1', 'frame_type=1', "method=<Basic.ConsumeOk(['consumer_tag=ctag1.a81ea32cf05b4fcdb1d3800fa8570be1'])>"])>]
[2016-03-25 10:38:44,016][MainThread:2988][task_id:core.rabbitmq_rpc_master][rabbitmq_rpc_master.py:65][INFO][ [x] sent instruction:dir]
[2016-03-25 10:39:44,003][MainThread:2988][task_id:pika.heartbeat][heartbeat.py:85][DEBUG][Received 0 heartbeat frames, sent 0]
[2016-03-25 10:39:44,003][MainThread:2988][task_id:pika.heartbeat][heartbeat.py:144][DEBUG][Sending heartbeat frame]
[2016-03-25 10:39:44,019][MainThread:2988][task_id:pika.heartbeat][heartbeat.py:74][DEBUG][Received heartbeat frame]
[2016-03-25 10:40:44,004][MainThread:2988][task_id:pika.heartbeat][heartbeat.py:85][DEBUG][Received 1 heartbeat frames, sent 1]
[2016-03-25 10:40:44,004][MainThread:2988][task_id:pika.heartbeat][heartbeat.py:144][DEBUG][Sending heartbeat frame]
[2016-03-25 10:40:44,036][MainThread:2988][task_id:pika.heartbeat][heartbeat.py:74][DEBUG][Received heartbeat frame]
[2016-03-25 10:41:44,005][MainThread:2988][task_id:pika.heartbeat][heartbeat.py:85][DEBUG][Received 2 heartbeat frames, sent 2]
[2016-03-25 10:41:44,005][MainThread:2988][task_id:pika.heartbeat][heartbeat.py:144][DEBUG][Sending heartbeat frame]
[2016-03-25 10:41:44,067][MainThread:2988][task_id:pika.heartbeat][heartbeat.py:74][DEBUG][Received heartbeat frame]
