<<<<<<< HEAD
[2016-04-01 09:39:40,799][MainThread:6480][task_id:core.Mylogging][Mylogging.py:60][INFO][It works!]
[2016-04-01 09:40:06,875][MainThread:6060][task_id:core.Mylogging][Mylogging.py:60][INFO][It works!]
[2016-04-01 09:40:54,797][MainThread:6480][task_id:core.Mylogging][Mylogging.py:60][INFO][It works!]
[2016-04-01 09:40:55,109][MainThread:6480][task_id:core.views][views.py:96][DEBUG][{'qimi': {'password': 4321}, 'alex': {'password': 1234, 'admin_tag': True}}==>key:qimi,value:{'password': 4321}]
[2016-04-01 09:44:29,203][MainThread:6408][task_id:core.Mylogging][Mylogging.py:60][INFO][It works!]
[2016-04-01 09:44:42,016][MainThread:2032][task_id:core.Mylogging][Mylogging.py:60][INFO][It works!]
[2016-04-01 09:44:48,615][MainThread:6976][task_id:core.Mylogging][Mylogging.py:60][INFO][It works!]
[2016-04-01 09:44:54,948][MainThread:4152][task_id:core.Mylogging][Mylogging.py:60][INFO][It works!]
[2016-04-01 09:45:07,845][MainThread:5064][task_id:core.Mylogging][Mylogging.py:60][INFO][It works!]
[2016-04-01 09:45:15,256][MainThread:6184][task_id:core.Mylogging][Mylogging.py:60][INFO][It works!]
[2016-04-01 09:45:15,578][MainThread:6184][task_id:core.views][views.py:96][DEBUG][{'alex': {'password': 1234, 'admin_tag': True}, 'qimi': {'password': 4321}}==>key:alex,value:{'password': 1234, 'admin_tag': True}]
[2016-04-01 09:53:25,261][MainThread:5064][task_id:core.Mylogging][Mylogging.py:60][INFO][It works!]
[2016-04-01 09:53:25,584][MainThread:5064][task_id:core.views][views.py:96][DEBUG][{'alex': {'admin_tag': True, 'password': 1234}, 'qimi': {'password': 4321}}==>key:alex,value:{'admin_tag': True, 'password': 1234}]
[2016-04-01 10:13:38,872][MainThread:4844][task_id:core.Mylogging][Mylogging.py:60][INFO][It works!]
[2016-04-01 10:13:39,198][MainThread:4844][task_id:core.views][views.py:96][DEBUG][{'alex': {'admin_tag': True, 'password': 1234}, 'qimi': {'password': 4321}}==>key:alex,value:{'admin_tag': True, 'password': 1234}]
[2016-04-01 10:15:20,700][MainThread:6372][task_id:core.Mylogging][Mylogging.py:60][INFO][It works!]
[2016-04-01 10:15:21,029][MainThread:6372][task_id:core.views][views.py:96][DEBUG][{'qimi': {'password': 4321}, 'alex': {'password': 1234, 'admin_tag': True}}==>key:qimi,value:{'password': 4321}]
[2016-04-01 10:24:23,798][MainThread:4212][task_id:core.Mylogging][Mylogging.py:60][INFO][It works!]
[2016-04-01 10:24:24,131][MainThread:4212][task_id:core.views][views.py:96][DEBUG][{'qimi': {'password': 4321}, 'alex': {'password': 1234, 'admin_tag': True}}==>key:qimi,value:{'password': 4321}]
[2016-04-01 10:26:03,704][MainThread:7756][task_id:core.Mylogging][Mylogging.py:60][INFO][It works!]
[2016-04-01 10:26:04,028][MainThread:7756][task_id:core.views][views.py:96][DEBUG][{'alex': {'password': 1234, 'admin_tag': True}, 'qimi': {'password': 4321}}==>key:alex,value:{'password': 1234, 'admin_tag': True}]
[2016-04-01 10:26:04,040][MainThread:7756][task_id:core.views][views.py:96][DEBUG][{'alex': {'password': 1234, 'admin_tag': True}, 'qimi': {'password': 4321}}==>key:qimi,value:{'password': 4321}]
[2016-04-01 10:28:12,395][MainThread:7572][task_id:core.Mylogging][Mylogging.py:60][INFO][It works!]
[2016-04-01 10:28:34,326][MainThread:7400][task_id:core.Mylogging][Mylogging.py:60][INFO][It works!]
[2016-04-01 10:28:34,666][MainThread:7400][task_id:core.views][views.py:141][DEBUG][{'h2': {'port': 2200, 'ip_addr': '192.168.1.100'}, 'h1': {'port': 22, 'ip_addr': '172.18.26.194'}}==>key:h2, value:{'port': 2200, 'ip_addr': '192.168.1.100'}]
[2016-04-01 10:28:34,679][MainThread:7400][task_id:core.views][views.py:141][DEBUG][{'h2': {'port': 2200, 'ip_addr': '192.168.1.100'}, 'h1': {'port': 22, 'ip_addr': '172.18.26.194'}}==>key:h1, value:{'port': 22, 'ip_addr': '172.18.26.194'}]
[2016-04-01 10:30:10,060][MainThread:6736][task_id:core.Mylogging][Mylogging.py:60][INFO][It works!]
[2016-04-01 10:30:54,763][MainThread:7748][task_id:core.Mylogging][Mylogging.py:60][INFO][It works!]
[2016-04-01 10:30:55,085][MainThread:7748][task_id:core.views][views.py:96][DEBUG][{'alex': {'password': 1234, 'admin_tag': True}, 'qimi': {'password': 4321}}==>key:alex,value:{'password': 1234, 'admin_tag': True}]
[2016-04-01 10:30:55,097][MainThread:7748][task_id:core.views][views.py:96][DEBUG][{'alex': {'password': 1234, 'admin_tag': True}, 'qimi': {'password': 4321}}==>key:qimi,value:{'password': 4321}]
[2016-04-01 10:31:53,363][MainThread:7852][task_id:core.Mylogging][Mylogging.py:60][INFO][It works!]
[2016-04-01 10:31:53,685][MainThread:7852][task_id:core.views][views.py:141][DEBUG][{'h1': {'ip_addr': '172.18.26.194', 'port': 22}, 'h2': {'ip_addr': '192.168.1.100', 'port': 2200}}==>key:h1, value:{'ip_addr': '172.18.26.194', 'port': 22}]
[2016-04-01 10:31:53,697][MainThread:7852][task_id:core.views][views.py:141][DEBUG][{'h1': {'ip_addr': '172.18.26.194', 'port': 22}, 'h2': {'ip_addr': '192.168.1.100', 'port': 2200}}==>key:h2, value:{'ip_addr': '192.168.1.100', 'port': 2200}]
[2016-04-01 10:32:16,246][MainThread:6024][task_id:core.Mylogging][Mylogging.py:60][INFO][It works!]
[2016-04-01 10:32:22,705][MainThread:6024][task_id:core.views][views.py:227][INFO][alex login.]
[2016-04-01 10:41:44,978][MainThread:7852][task_id:core.Mylogging][Mylogging.py:60][INFO][It works!]
[2016-04-01 10:41:45,309][MainThread:7852][task_id:core.views][views.py:96][DEBUG][{'alex': {'host_and_sysusers': ['h1'], 'password': 1234, 'admin_tag': True}, 'qimi': {'password': 4321}}==>key:alex,value:{'host_and_sysusers': ['h1'], 'password': 1234, 'admin_tag': True}]
[2016-04-01 10:41:45,321][MainThread:7852][task_id:core.views][views.py:96][DEBUG][{'alex': {'host_and_sysusers': ['h1'], 'password': 1234, 'admin_tag': True}, 'qimi': {'password': 4321}}==>key:qimi,value:{'password': 4321}]
[2016-04-01 10:43:11,450][MainThread:7772][task_id:core.Mylogging][Mylogging.py:60][INFO][It works!]
[2016-04-01 10:43:11,774][MainThread:7772][task_id:core.views][views.py:124][DEBUG][{'test2': {'user_profiles': ['qimi', 'alex'], 'host_and_sysusers': ['h1']}, 'test1': {'user_profiles': ['alex']}}==>key:test2, value:{'user_profiles': ['qimi', 'alex'], 'host_and_sysusers': ['h1']}]
[2016-04-01 10:44:04,577][MainThread:6488][task_id:core.Mylogging][Mylogging.py:60][INFO][It works!]
[2016-04-01 10:44:04,910][MainThread:6488][task_id:core.views][views.py:124][DEBUG][{'test2': {'host_and_sysusers': ['h1'], 'user_profiles': ['qimi', 'alex']}, 'test1': {'user_profiles': ['alex']}}==>key:test2, value:{'host_and_sysusers': ['h1'], 'user_profiles': ['qimi', 'alex']}]
[2016-04-01 10:44:04,936][MainThread:6488][task_id:core.views][views.py:124][DEBUG][{'test2': {'host_and_sysusers': ['h1'], 'user_profiles': ['qimi', 'alex']}, 'test1': {'user_profiles': ['alex']}}==>key:test1, value:{'user_profiles': ['alex']}]
[2016-04-01 10:44:16,491][MainThread:2036][task_id:core.Mylogging][Mylogging.py:60][INFO][It works!]
[2016-04-01 10:44:16,831][MainThread:2036][task_id:core.views][views.py:124][DEBUG][{'test1': {'user_profiles': ['alex']}, 'test2': {'user_profiles': ['qimi', 'alex'], 'host_and_sysusers': ['h1']}}==>key:test1, value:{'user_profiles': ['alex']}]
[2016-04-01 10:44:18,118][MainThread:7288][task_id:core.Mylogging][Mylogging.py:60][INFO][It works!]
[2016-04-01 10:44:18,459][MainThread:7288][task_id:core.views][views.py:124][DEBUG][{'test1': {'user_profiles': ['alex']}, 'test2': {'host_and_sysusers': ['h1'], 'user_profiles': ['qimi', 'alex']}}==>key:test1, value:{'user_profiles': ['alex']}]
[2016-04-01 10:44:19,479][MainThread:3076][task_id:core.Mylogging][Mylogging.py:60][INFO][It works!]
[2016-04-01 10:44:19,807][MainThread:3076][task_id:core.views][views.py:124][DEBUG][{'test1': {'user_profiles': ['alex']}, 'test2': {'user_profiles': ['qimi', 'alex'], 'host_and_sysusers': ['h1']}}==>key:test1, value:{'user_profiles': ['alex']}]
[2016-04-01 10:44:20,825][MainThread:6788][task_id:core.Mylogging][Mylogging.py:60][INFO][It works!]
[2016-04-01 10:44:21,151][MainThread:6788][task_id:core.views][views.py:124][DEBUG][{'test2': {'host_and_sysusers': ['h1'], 'user_profiles': ['qimi', 'alex']}, 'test1': {'user_profiles': ['alex']}}==>key:test2, value:{'host_and_sysusers': ['h1'], 'user_profiles': ['qimi', 'alex']}]
[2016-04-01 10:44:21,175][MainThread:6788][task_id:core.views][views.py:124][DEBUG][{'test2': {'host_and_sysusers': ['h1'], 'user_profiles': ['qimi', 'alex']}, 'test1': {'user_profiles': ['alex']}}==>key:test1, value:{'user_profiles': ['alex']}]
[2016-04-01 10:44:22,417][MainThread:7696][task_id:core.Mylogging][Mylogging.py:60][INFO][It works!]
[2016-04-01 10:44:22,741][MainThread:7696][task_id:core.views][views.py:124][DEBUG][{'test2': {'user_profiles': ['qimi', 'alex'], 'host_and_sysusers': ['h1']}, 'test1': {'user_profiles': ['alex']}}==>key:test2, value:{'user_profiles': ['qimi', 'alex'], 'host_and_sysusers': ['h1']}]
[2016-04-01 10:44:24,063][MainThread:3048][task_id:core.Mylogging][Mylogging.py:60][INFO][It works!]
[2016-04-01 10:44:24,384][MainThread:3048][task_id:core.views][views.py:124][DEBUG][{'test1': {'user_profiles': ['alex']}, 'test2': {'host_and_sysusers': ['h1'], 'user_profiles': ['qimi', 'alex']}}==>key:test1, value:{'user_profiles': ['alex']}]
[2016-04-01 10:44:25,590][MainThread:4748][task_id:core.Mylogging][Mylogging.py:60][INFO][It works!]
[2016-04-01 10:44:25,916][MainThread:4748][task_id:core.views][views.py:124][DEBUG][{'test2': {'user_profiles': ['qimi', 'alex'], 'host_and_sysusers': ['h1']}, 'test1': {'user_profiles': ['alex']}}==>key:test2, value:{'user_profiles': ['qimi', 'alex'], 'host_and_sysusers': ['h1']}]
[2016-04-01 10:44:25,941][MainThread:4748][task_id:core.views][views.py:124][DEBUG][{'test2': {'user_profiles': ['qimi', 'alex'], 'host_and_sysusers': ['h1']}, 'test1': {'user_profiles': ['alex']}}==>key:test1, value:{'user_profiles': ['alex']}]
[2016-04-01 10:44:27,669][MainThread:7684][task_id:core.Mylogging][Mylogging.py:60][INFO][It works!]
[2016-04-01 10:44:27,995][MainThread:7684][task_id:core.views][views.py:124][DEBUG][{'test1': {'user_profiles': ['alex']}, 'test2': {'user_profiles': ['qimi', 'alex'], 'host_and_sysusers': ['h1']}}==>key:test1, value:{'user_profiles': ['alex']}]
[2016-04-01 10:47:01,163][MainThread:4928][task_id:core.Mylogging][Mylogging.py:60][INFO][It works!]
[2016-04-01 10:47:53,750][MainThread:7928][task_id:core.Mylogging][Mylogging.py:60][INFO][It works!]
[2016-04-01 10:47:54,072][MainThread:7928][task_id:core.views][views.py:124][DEBUG][{'test2': {'host_and_sysusers': ['h1'], 'user_profiles': ['qimi', 'alex']}, 'test1': {'user_profiles': ['alex']}}==>key:test2, value:{'host_and_sysusers': ['h1'], 'user_profiles': ['qimi', 'alex']}]
[2016-04-01 10:58:05,435][MainThread:7600][task_id:core.Mylogging][Mylogging.py:60][INFO][It works!]
[2016-04-01 10:58:05,770][MainThread:7600][task_id:core.views][views.py:123][DEBUG][{'test2': {'user_profiles': ['qimi', 'alex'], 'host_and_sysusers': ['h1']}, 'test1': {'user_profiles': ['alex']}}==>key:test2, value:{'user_profiles': ['qimi', 'alex'], 'host_and_sysusers': ['h1']}]
[2016-04-01 10:58:05,795][MainThread:7600][task_id:core.views][views.py:123][DEBUG][{'test2': {'user_profiles': ['qimi', 'alex'], 'host_and_sysusers': ['h1']}, 'test1': {'user_profiles': ['alex']}}==>key:test1, value:{'user_profiles': ['alex']}]
[2016-04-01 10:58:14,541][MainThread:6680][task_id:core.Mylogging][Mylogging.py:60][INFO][It works!]
[2016-04-01 10:58:18,647][MainThread:6680][task_id:core.views][views.py:60][WARNING][name 'StupidJumpServerDB' is not defined]
[2016-04-01 10:59:46,043][MainThread:7984][task_id:core.Mylogging][Mylogging.py:60][INFO][It works!]
[2016-04-01 10:59:48,987][MainThread:7984][task_id:core.views][views.py:229][INFO][alex login.]
[2016-04-01 11:00:51,701][MainThread:7976][task_id:core.Mylogging][Mylogging.py:60][INFO][It works!]
[2016-04-01 11:00:54,727][MainThread:7976][task_id:core.views][views.py:229][INFO][alex login.]
[2016-04-01 11:01:56,891][MainThread:7644][task_id:core.Mylogging][Mylogging.py:60][INFO][It works!]
[2016-04-01 11:02:00,454][MainThread:7644][task_id:core.views][views.py:229][INFO][alex login.]
[2016-04-01 11:02:07,560][MainThread:7644][task_id:core.views][views.py:291][INFO][alex quit.]
[2016-04-01 11:04:16,403][MainThread:3380][task_id:core.Mylogging][Mylogging.py:60][INFO][It works!]
[2016-04-01 11:04:33,757][MainThread:8008][task_id:core.Mylogging][Mylogging.py:60][INFO][It works!]
[2016-04-01 11:04:50,850][MainThread:7308][task_id:core.Mylogging][Mylogging.py:60][INFO][It works!]
[2016-04-01 11:06:05,721][MainThread:6724][task_id:core.Mylogging][Mylogging.py:60][INFO][It works!]
[2016-04-01 11:06:06,047][MainThread:6724][task_id:core.views][views.py:169][DEBUG][{'bind1': {'hostname': 'h1', 'sys_users': [{'auth_type': 'ssh-passwd', 'username': 'root', 'user1': None, 'password': 'rootroot'}], 'groups': ['test1']}}==>key:bind1, value:{'hostname': 'h1', 'sys_users': [{'auth_type': 'ssh-passwd', 'username': 'root', 'user1': None, 'password': 'rootroot'}], 'groups': ['test1']}]
[2016-04-01 11:06:06,074][MainThread:6724][task_id:core.views][views.py:189][INFO][Can't find root in <> table.]
[2016-04-01 11:08:32,971][MainThread:7940][task_id:core.Mylogging][Mylogging.py:60][INFO][It works!]
[2016-04-01 11:08:56,673][MainThread:7744][task_id:core.Mylogging][Mylogging.py:60][INFO][It works!]
[2016-04-01 11:09:07,312][MainThread:4932][task_id:core.Mylogging][Mylogging.py:60][INFO][It works!]
[2016-04-01 11:09:07,636][MainThread:4932][task_id:core.views][views.py:169][DEBUG][{'bind1': {'groups': ['test1'], 'hostname': 'h1', 'sys_users': [{'user1': None, 'username': 'root', 'auth_type': 'ssh-passwd', 'password': 'rootroot'}]}}==>key:bind1, value:{'groups': ['test1'], 'hostname': 'h1', 'sys_users': [{'user1': None, 'username': 'root', 'auth_type': 'ssh-passwd', 'password': 'rootroot'}]}]
[2016-04-01 11:10:10,550][MainThread:4672][task_id:core.Mylogging][Mylogging.py:60][INFO][It works!]
[2016-04-01 11:10:10,872][MainThread:4672][task_id:core.views][views.py:169][DEBUG][{'bind1': {'hostname': 'h1', 'groups': ['test1'], 'sys_users': [{'user1': None, 'password': 'rootroot', 'username': 'root', 'auth_type': 'ssh-passwd'}]}}==>key:bind1, value:{'hostname': 'h1', 'groups': ['test1'], 'sys_users': [{'user1': None, 'password': 'rootroot', 'username': 'root', 'auth_type': 'ssh-passwd'}]}]
[2016-04-01 11:11:22,196][MainThread:6576][task_id:core.Mylogging][Mylogging.py:60][INFO][It works!]
[2016-04-01 11:11:22,526][MainThread:6576][task_id:core.views][views.py:169][DEBUG][{'bind1': {'sys_users': [{'user1': None, 'password': 'rootroot', 'username': 'root', 'auth_type': 'ssh-passwd'}], 'groups': ['test1'], 'hostname': 'h1'}}==>key:bind1, value:{'sys_users': [{'user1': None, 'password': 'rootroot', 'username': 'root', 'auth_type': 'ssh-passwd'}], 'groups': ['test1'], 'hostname': 'h1'}]
[2016-04-01 11:13:33,780][MainThread:7724][task_id:core.Mylogging][Mylogging.py:60][INFO][It works!]
[2016-04-01 11:13:34,108][MainThread:7724][task_id:core.views][views.py:169][DEBUG][{'bind1': {'groups': ['test1'], 'hostname': 'h1', 'sys_users': [{'user1': None, 'username': 'root', 'auth_type': 'ssh-password', 'password': 'rootroot'}]}}==>key:bind1, value:{'groups': ['test1'], 'hostname': 'h1', 'sys_users': [{'user1': None, 'username': 'root', 'auth_type': 'ssh-password', 'password': 'rootroot'}]}]
[2016-04-01 11:17:43,801][MainThread:7988][task_id:core.Mylogging][Mylogging.py:60][INFO][It works!]
[2016-04-01 11:17:44,131][MainThread:7988][task_id:core.views][views.py:169][DEBUG][{'bind1': {'hostname': 'h1', 'sys_users': [{'auth_type': 'ssh-password', 'user1': None, 'username': 'root', 'password': 'rootroot'}], 'groups': ['test1']}}==>key:bind1, value:{'hostname': 'h1', 'sys_users': [{'auth_type': 'ssh-password', 'user1': None, 'username': 'root', 'password': 'rootroot'}], 'groups': ['test1']}]
[2016-04-01 11:17:47,403][MainThread:6184][task_id:core.Mylogging][Mylogging.py:60][INFO][It works!]
[2016-04-01 11:17:47,746][MainThread:6184][task_id:core.views][views.py:169][DEBUG][{'bind1': {'hostname': 'h1', 'groups': ['test1'], 'sys_users': [{'username': 'root', 'user1': None, 'password': 'rootroot', 'auth_type': 'ssh-password'}]}}==>key:bind1, value:{'hostname': 'h1', 'groups': ['test1'], 'sys_users': [{'username': 'root', 'user1': None, 'password': 'rootroot', 'auth_type': 'ssh-password'}]}]
=======
[2016-04-01 00:08:15,301][MainThread:7356][task_id:core.Mylogging][Mylogging.py:60][INFO][It works!]
[2016-04-01 00:09:25,676][MainThread:7812][task_id:core.Mylogging][Mylogging.py:60][INFO][It works!]
[2016-04-01 00:10:03,672][MainThread:7908][task_id:core.Mylogging][Mylogging.py:60][INFO][It works!]
[2016-04-01 00:10:12,108][MainThread:7128][task_id:core.Mylogging][Mylogging.py:60][INFO][It works!]
[2016-04-01 00:11:34,805][MainThread:5156][task_id:core.Mylogging][Mylogging.py:60][INFO][It works!]
[2016-04-01 00:11:57,643][MainThread:7508][task_id:core.Mylogging][Mylogging.py:60][INFO][It works!]
[2016-04-01 00:12:16,153][MainThread:7572][task_id:core.Mylogging][Mylogging.py:60][INFO][It works!]
[2016-04-01 00:13:37,783][MainThread:7088][task_id:core.Mylogging][Mylogging.py:60][INFO][It works!]
[2016-04-01 00:13:44,973][MainThread:1428][task_id:core.Mylogging][Mylogging.py:60][INFO][It works!]
[2016-04-01 00:14:37,208][MainThread:1760][task_id:core.Mylogging][Mylogging.py:60][INFO][It works!]
[2016-04-01 00:14:57,580][MainThread:8076][task_id:core.Mylogging][Mylogging.py:60][INFO][It works!]
[2016-04-01 00:21:08,854][MainThread:7772][task_id:core.Mylogging][Mylogging.py:60][INFO][It works!]
[2016-04-01 00:21:14,909][MainThread:7772][task_id:core.views][views.py:59][INFO][Error creating backref 'user_profiles' on relationship 'UserProfile.host_and_sysusers': property of that name exists on mapper 'Mapper|HostandSysuser|host_and_sysuser']
[2016-04-01 00:22:49,410][MainThread:6832][task_id:core.Mylogging][Mylogging.py:60][INFO][It works!]
[2016-04-01 00:22:53,419][MainThread:6832][task_id:core.views][views.py:58][WARNING][Could not determine join condition between parent/child tables on relationship HostGroup.host_and_sysusers - there are no foreign keys linking these tables via secondary table 'hostgroup_2_hostandsysuser'.  Ensure that referencing columns are associated with a ForeignKey or ForeignKeyConstraint, or specify 'primaryjoin' and 'secondaryjoin' expressions.]
>>>>>>> origin/master
