
	[2016-06-05 11:12:36,987][MainThread:7736][task_id:s12bbs.mylogging][mylogging.py:62][INFO][It works!]


	[2016-06-05 11:12:37,396][MainThread:7656][task_id:s12bbs.mylogging][mylogging.py:62][INFO][It works!]


	[2016-06-05 11:19:04,713][MainThread:7200][task_id:s12bbs.mylogging][mylogging.py:62][INFO][It works!]


	[2016-06-05 11:19:05,227][MainThread:5640][task_id:s12bbs.mylogging][mylogging.py:62][INFO][It works!]


	[2016-06-05 11:19:08,382][Thread-1:6380][task_id:django.request][base.py:284][ERROR][Internal Server Error: /]
Traceback (most recent call last):
  File "C:\Users\qimi\AppData\Local\Programs\Python\Python35\lib\site-packages\django\core\handlers\base.py", line 149, in get_response
    response = self.process_exception_by_middleware(e, request)
  File "C:\Users\qimi\AppData\Local\Programs\Python\Python35\lib\site-packages\django\core\handlers\base.py", line 147, in get_response
    response = wrapped_callback(request, *callback_args, **callback_kwargs)
  File "D:\qimi_WorkSpace\S12\day20\homework\s12bbs\bbs\views.py", line 13, in index
    category_obj = models.Category.objects.get(position_index=1)
  File "C:\Users\qimi\AppData\Local\Programs\Python\Python35\lib\site-packages\django\db\models\manager.py", line 122, in manager_method
    return getattr(self.get_queryset(), name)(*args, **kwargs)
  File "C:\Users\qimi\AppData\Local\Programs\Python\Python35\lib\site-packages\django\db\models\query.py", line 387, in get
    self.model._meta.object_name
bbs.models.DoesNotExist: Category matching query does not exist.

	[2016-06-05 11:19:15,221][Thread-3:5644][task_id:django.request][base.py:284][ERROR][Internal Server Error: /login]
Traceback (most recent call last):
  File "C:\Users\qimi\AppData\Local\Programs\Python\Python35\lib\site-packages\django\core\handlers\base.py", line 149, in get_response
    response = self.process_exception_by_middleware(e, request)
  File "C:\Users\qimi\AppData\Local\Programs\Python\Python35\lib\site-packages\django\core\handlers\base.py", line 147, in get_response
    response = wrapped_callback(request, *callback_args, **callback_kwargs)
  File "D:\qimi_WorkSpace\S12\day20\homework\s12bbs\bbs\views.py", line 13, in index
    category_obj = models.Category.objects.get(position_index=1)
  File "C:\Users\qimi\AppData\Local\Programs\Python\Python35\lib\site-packages\django\db\models\manager.py", line 122, in manager_method
    return getattr(self.get_queryset(), name)(*args, **kwargs)
  File "C:\Users\qimi\AppData\Local\Programs\Python\Python35\lib\site-packages\django\db\models\query.py", line 387, in get
    self.model._meta.object_name
bbs.models.DoesNotExist: Category matching query does not exist.

	[2016-06-05 11:47:46,606][MainThread:6760][task_id:s12bbs.mylogging][mylogging.py:62][INFO][It works!]


	[2016-06-05 11:52:22,349][MainThread:7752][task_id:s12bbs.mylogging][mylogging.py:62][INFO][It works!]


	[2016-06-05 11:53:50,007][MainThread:4120][task_id:s12bbs.mylogging][mylogging.py:62][INFO][It works!]


	[2016-06-05 11:55:51,422][MainThread:6632][task_id:s12bbs.mylogging][mylogging.py:62][INFO][It works!]


	[2016-06-05 11:57:23,676][MainThread:3080][task_id:s12bbs.mylogging][mylogging.py:62][INFO][It works!]


	[2016-06-05 11:57:45,014][MainThread:7000][task_id:s12bbs.mylogging][mylogging.py:62][INFO][It works!]


	[2016-06-05 11:57:45,509][MainThread:7384][task_id:s12bbs.mylogging][mylogging.py:62][INFO][It works!]


	[2016-06-05 12:01:16,848][MainThread:8188][task_id:s12bbs.mylogging][mylogging.py:62][INFO][It works!]


	[2016-06-05 12:02:15,576][MainThread:7724][task_id:s12bbs.mylogging][mylogging.py:62][INFO][It works!]


	[2016-06-05 12:07:37,622][MainThread:440][task_id:s12bbs.mylogging][mylogging.py:62][INFO][It works!]


	[2016-06-05 12:07:38,133][MainThread:7456][task_id:s12bbs.mylogging][mylogging.py:62][INFO][It works!]


	[2016-06-05 12:27:21,647][Thread-105:900][task_id:s12bbs.common_views][common_views.py:44][DEBUG][<tr><th><label for="id_username">Username:</label></th><td><ul class="errorlist"><li>用户名不能为空</li></ul><input class="form-control" id="id_username" name="username" placeholder="请输入用户名" type="username" /></td></tr>
<tr><th><label for="id_password">Password:</label></th><td><ul class="errorlist"><li>密码不能为空</li></ul><input class="form-control" id="id_password" name="password" placeholder="设置密码" type="password" /></td></tr>
<tr><th><label for="id_repeat_password">Repeat password:</label></th><td><ul class="errorlist"><li>确认密码不能为空</li></ul><input class="form-control" id="id_repeat_password" name="repeat_password" placeholder="确认密码" type="password" /></td></tr>]


	[2016-06-05 12:30:42,106][MainThread:6164][task_id:s12bbs.mylogging][mylogging.py:62][INFO][It works!]


	[2016-06-05 12:32:07,707][MainThread:6740][task_id:s12bbs.mylogging][mylogging.py:62][INFO][It works!]


	[2016-06-05 12:37:20,003][MainThread:5996][task_id:s12bbs.mylogging][mylogging.py:62][INFO][It works!]


	[2016-06-05 12:37:57,064][Thread-44:956][task_id:s12bbs.common_views][common_views.py:47][DEBUG][<tr><th><label for="id_username">Username:</label></th><td><ul class="errorlist"><li>用户名不能为空</li></ul><input class="form-control" id="id_username" name="username" placeholder="请输入用户名" type="username" /></td></tr>
<tr><th><label for="id_password">Password:</label></th><td><ul class="errorlist"><li>密码不能为空</li></ul><input class="form-control" id="id_password" name="password" placeholder="设置密码" type="password" /></td></tr>
<tr><th><label for="id_repeat_password">Repeat password:</label></th><td><ul class="errorlist"><li>确认密码不能为空</li></ul><input class="form-control" id="id_repeat_password" name="repeat_password" placeholder="确认密码" type="password" /></td></tr>]


	[2016-06-05 12:41:18,985][Thread-46:8020][task_id:s12bbs.common_views][common_views.py:47][DEBUG][<tr><th><label for="id_username">Username:</label></th><td><ul class="errorlist"><li>用户名不能为空</li></ul><input class="form-control" id="id_username" name="username" placeholder="请输入用户名" type="username" /></td></tr>
<tr><th><label for="id_password">Password:</label></th><td><ul class="errorlist"><li>密码不能为空</li></ul><input class="form-control" id="id_password" name="password" placeholder="设置密码" type="password" /></td></tr>
<tr><th><label for="id_repeat_password">Repeat password:</label></th><td><ul class="errorlist"><li>确认密码不能为空</li></ul><input class="form-control" id="id_repeat_password" name="repeat_password" placeholder="确认密码" type="password" /></td></tr>]


	[2016-06-05 12:42:02,508][Thread-54:7664][task_id:s12bbs.common_views][common_views.py:47][DEBUG][<tr><th><label for="id_username">Username:</label></th><td><ul class="errorlist"><li>用户名不能为空</li></ul><input class="form-control" id="id_username" name="username" placeholder="请输入用户名" type="username" /></td></tr>
<tr><th><label for="id_password">Password:</label></th><td><ul class="errorlist"><li>密码不能为空</li></ul><input class="form-control" id="id_password" name="password" placeholder="设置密码" type="password" /></td></tr>
<tr><th><label for="id_repeat_password">Repeat password:</label></th><td><ul class="errorlist"><li>确认密码不能为空</li></ul><input class="form-control" id="id_repeat_password" name="repeat_password" placeholder="确认密码" type="password" /></td></tr>]


	[2016-06-05 12:42:15,570][Thread-62:7736][task_id:s12bbs.common_views][common_views.py:47][DEBUG][<tr><th><label for="id_username">Username:</label></th><td><ul class="errorlist"><li>用户名不能为空</li></ul><input class="form-control" id="id_username" name="username" placeholder="请输入用户名" type="username" /></td></tr>
<tr><th><label for="id_password">Password:</label></th><td><ul class="errorlist"><li>密码不能为空</li></ul><input class="form-control" id="id_password" name="password" placeholder="设置密码" type="password" /></td></tr>
<tr><th><label for="id_repeat_password">Repeat password:</label></th><td><ul class="errorlist"><li>确认密码不能为空</li></ul><input class="form-control" id="id_repeat_password" name="repeat_password" placeholder="确认密码" type="password" /></td></tr>]


	[2016-06-05 12:43:38,093][MainThread:6696][task_id:s12bbs.mylogging][mylogging.py:62][INFO][It works!]


	[2016-06-05 12:43:38,610][Thread-1:168][task_id:s12bbs.common_views][common_views.py:47][DEBUG][<tr><th><label for="id_username">Username:</label></th><td><ul class="errorlist"><li>用户名不能为空</li></ul><input class="form-control" id="id_username" name="username" placeholder="请输入用户名" type="username" /></td></tr>
<tr><th><label for="id_password">Password:</label></th><td><ul class="errorlist"><li>密码不能为空</li></ul><input class="form-control" id="id_password" name="password" placeholder="设置密码" type="password" /></td></tr>
<tr><th><label for="id_repeat_password">Repeat password:</label></th><td><ul class="errorlist"><li>确认密码不能为空</li></ul><input class="form-control" id="id_repeat_password" name="repeat_password" placeholder="确认密码" type="password" /></td></tr>]


	[2016-06-05 12:43:40,827][Thread-10:4120][task_id:s12bbs.common_views][common_views.py:47][DEBUG][<tr><th><label for="id_username">Username:</label></th><td><ul class="errorlist"><li>用户名不能为空</li></ul><input class="form-control" id="id_username" name="username" placeholder="请输入用户名" type="username" /></td></tr>
<tr><th><label for="id_password">Password:</label></th><td><ul class="errorlist"><li>密码不能为空</li></ul><input class="form-control" id="id_password" name="password" placeholder="设置密码" type="password" /></td></tr>
<tr><th><label for="id_repeat_password">Repeat password:</label></th><td><ul class="errorlist"><li>确认密码不能为空</li></ul><input class="form-control" id="id_repeat_password" name="repeat_password" placeholder="确认密码" type="password" /></td></tr>]


	[2016-06-05 12:43:43,849][Thread-20:5700][task_id:s12bbs.common_views][common_views.py:47][DEBUG][<tr><th><label for="id_username">Username:</label></th><td><ul class="errorlist"><li>用户名不能为空</li></ul><input class="form-control" id="id_username" name="username" placeholder="请输入用户名" type="username" /></td></tr>
<tr><th><label for="id_password">Password:</label></th><td><ul class="errorlist"><li>密码不能为空</li></ul><input class="form-control" id="id_password" name="password" placeholder="设置密码" type="password" /></td></tr>
<tr><th><label for="id_repeat_password">Repeat password:</label></th><td><ul class="errorlist"><li>确认密码不能为空</li></ul><input class="form-control" id="id_repeat_password" name="repeat_password" placeholder="确认密码" type="password" /></td></tr>]


	[2016-06-05 12:44:28,783][MainThread:4940][task_id:s12bbs.mylogging][mylogging.py:62][INFO][It works!]


	[2016-06-05 12:44:34,108][Thread-10:7592][task_id:s12bbs.common_views][common_views.py:47][DEBUG][<tr><th><label for="id_username">Username:</label></th><td><input class="form-control" id="id_username" name="username" placeholder="请输入用户名" type="username" value="q" /></td></tr>
<tr><th><label for="id_password">Password:</label></th><td><input class="form-control" id="id_password" name="password" placeholder="设置密码" type="password" /></td></tr>
<tr><th><label for="id_repeat_password">Repeat password:</label></th><td><input class="form-control" id="id_repeat_password" name="repeat_password" placeholder="确认密码" type="password" /></td></tr>]


	[2016-06-05 12:44:52,618][MainThread:3820][task_id:s12bbs.mylogging][mylogging.py:62][INFO][It works!]


	[2016-06-05 12:44:53,054][Thread-1:4748][task_id:s12bbs.common_views][common_views.py:47][DEBUG][<tr><th><label for="id_username">Username:</label></th><td><input class="form-control" id="id_username" name="username" placeholder="请输入用户名" type="username" value="q" /></td></tr>
<tr><th><label for="id_password">Password:</label></th><td><ul class="errorlist"><li>密码不能为空</li></ul><input class="form-control" id="id_password" name="password" placeholder="设置密码" type="password" /></td></tr>
<tr><th><label for="id_repeat_password">Repeat password:</label></th><td><ul class="errorlist"><li>确认密码不能为空</li></ul><input class="form-control" id="id_repeat_password" name="repeat_password" placeholder="确认密码" type="password" /></td></tr>]


	[2016-06-05 12:44:57,035][Thread-4:3516][task_id:s12bbs.common_views][common_views.py:47][DEBUG][<tr><th><label for="id_username">Username:</label></th><td><input class="form-control" id="id_username" name="username" placeholder="请输入用户名" type="username" value="q" /></td></tr>
<tr><th><label for="id_password">Password:</label></th><td><input class="form-control" id="id_password" name="password" placeholder="设置密码" type="password" /></td></tr>
<tr><th><label for="id_repeat_password">Repeat password:</label></th><td><input class="form-control" id="id_repeat_password" name="repeat_password" placeholder="确认密码" type="password" /></td></tr>]


	[2016-06-05 12:45:27,739][MainThread:7536][task_id:s12bbs.mylogging][mylogging.py:62][INFO][It works!]


	[2016-06-05 12:47:52,244][MainThread:7292][task_id:s12bbs.mylogging][mylogging.py:62][INFO][It works!]


	[2016-06-05 12:48:13,083][MainThread:4476][task_id:s12bbs.mylogging][mylogging.py:62][INFO][It works!]


	[2016-06-05 12:56:12,808][MainThread:7716][task_id:s12bbs.mylogging][mylogging.py:62][INFO][It works!]


	[2016-06-05 12:57:44,597][Thread-38:7104][task_id:s12bbs.common_views][common_views.py:47][DEBUG][<tr><th><label for="id_username">username:</label></th><td><ul class="errorlist"><li>同户名长度不能小于4</li></ul><input class="form-control" id="id_username" maxlength="25" name="username" placeholder="请输入用户名" type="username" value="2" /></td></tr>
<tr><th><label for="id_password">Password:</label></th><td><input class="form-control" id="id_password" name="password" placeholder="设置密码" type="password" /></td></tr>
<tr><th><label for="id_repeat_password">Repeat password:</label></th><td><input class="form-control" id="id_repeat_password" name="repeat_password" placeholder="确认密码" type="password" /></td></tr>]


	[2016-06-05 12:57:55,398][Thread-40:7364][task_id:s12bbs.common_views][common_views.py:47][DEBUG][<tr><th><label for="id_username">username:</label></th><td><input class="form-control" id="id_username" maxlength="25" name="username" placeholder="请输入用户名" type="username" value="qimi" /></td></tr>
<tr><th><label for="id_password">Password:</label></th><td><input class="form-control" id="id_password" name="password" placeholder="设置密码" type="password" /></td></tr>
<tr><th><label for="id_repeat_password">Repeat password:</label></th><td><ul class="errorlist"><li>确认密码不能为空</li></ul><input class="form-control" id="id_repeat_password" name="repeat_password" placeholder="确认密码" type="password" /></td></tr>]


	[2016-06-05 12:58:00,782][Thread-42:6068][task_id:s12bbs.common_views][common_views.py:47][DEBUG][<tr><th><label for="id_username">username:</label></th><td><input class="form-control" id="id_username" maxlength="25" name="username" placeholder="请输入用户名" type="username" value="qimi" /></td></tr>
<tr><th><label for="id_password">Password:</label></th><td><input class="form-control" id="id_password" name="password" placeholder="设置密码" type="password" /></td></tr>
<tr><th><label for="id_repeat_password">Repeat password:</label></th><td><input class="form-control" id="id_repeat_password" name="repeat_password" placeholder="确认密码" type="password" /></td></tr>]


	[2016-06-05 13:01:42,946][MainThread:6696][task_id:s12bbs.mylogging][mylogging.py:62][INFO][It works!]


	[2016-06-05 13:01:43,505][Thread-1:6764][task_id:s12bbs.common_views][common_views.py:47][DEBUG][<tr><th><label for="id_username">username:</label></th><td><input class="form-control" id="id_username" maxlength="25" name="username" placeholder="请输入用户名" type="username" value="qimi" /></td></tr>
<tr><th><label for="id_password">Password:</label></th><td><input class="form-control" id="id_password" name="password" placeholder="设置密码" type="password" /></td></tr>
<tr><th><label for="id_repeat_password">Repeat password:</label></th><td><input class="form-control" id="id_repeat_password" name="repeat_password" placeholder="确认密码" type="password" /></td></tr>]


	[2016-06-05 13:01:48,161][Thread-10:7148][task_id:s12bbs.common_views][common_views.py:47][DEBUG][<tr><th><label for="id_username">username:</label></th><td><input class="form-control" id="id_username" maxlength="25" name="username" placeholder="请输入用户名" type="username" value="qimi" /></td></tr>
<tr><th><label for="id_password">Password:</label></th><td><input class="form-control" id="id_password" name="password" placeholder="设置密码" type="password" /></td></tr>
<tr><th><label for="id_repeat_password">Repeat password:</label></th><td><input class="form-control" id="id_repeat_password" name="repeat_password" placeholder="确认密码" type="password" /></td></tr>]


	[2016-06-05 13:01:55,485][Thread-12:5496][task_id:s12bbs.common_views][common_views.py:47][DEBUG][<tr><th><label for="id_username">username:</label></th><td><input class="form-control" id="id_username" maxlength="25" name="username" placeholder="请输入用户名" type="username" value="qimi1" /></td></tr>
<tr><th><label for="id_password">Password:</label></th><td><input class="form-control" id="id_password" name="password" placeholder="设置密码" type="password" /></td></tr>
<tr><th><label for="id_repeat_password">Repeat password:</label></th><td><input class="form-control" id="id_repeat_password" name="repeat_password" placeholder="确认密码" type="password" /></td></tr>]


	[2016-06-05 13:03:16,916][MainThread:7068][task_id:s12bbs.mylogging][mylogging.py:62][INFO][It works!]


	[2016-06-05 13:03:25,679][Thread-4:4476][task_id:s12bbs.common_views][common_views.py:47][DEBUG][<tr><th><label for="id_username">username:</label></th><td><input class="form-control" id="id_username" maxlength="25" name="username" placeholder="请输入用户名" type="username" value="qimi1" /></td></tr>
<tr><th><label for="id_password">password:</label></th><td><ul class="errorlist"><li>密码长度不能小于8</li></ul><input class="form-control" id="id_password" name="password" placeholder="设置密码" type="password" /></td></tr>
<tr><th><label for="id_repeat_password">Repeat password:</label></th><td><ul class="errorlist"><li>确认密码不能为空</li></ul><input class="form-control" id="id_repeat_password" name="repeat_password" placeholder="确认密码" type="password" /></td></tr>]


	[2016-06-05 13:03:36,115][Thread-6:7256][task_id:s12bbs.common_views][common_views.py:47][DEBUG][<tr><th><label for="id_username">username:</label></th><td><input class="form-control" id="id_username" maxlength="25" name="username" placeholder="请输入用户名" type="username" value="qimi1" /></td></tr>
<tr><th><label for="id_password">password:</label></th><td><ul class="errorlist"><li>密码长度不能小于8</li></ul><input class="form-control" id="id_password" name="password" placeholder="设置密码" type="password" /></td></tr>
<tr><th><label for="id_repeat_password">Repeat password:</label></th><td><input class="form-control" id="id_repeat_password" name="repeat_password" placeholder="确认密码" type="password" /></td></tr>]


	[2016-06-05 13:03:43,258][Thread-8:168][task_id:s12bbs.common_views][common_views.py:47][DEBUG][<tr><th><label for="id_username">username:</label></th><td><input class="form-control" id="id_username" maxlength="25" name="username" placeholder="请输入用户名" type="username" value="qimi1" /></td></tr>
<tr><th><label for="id_password">password:</label></th><td><input class="form-control" id="id_password" name="password" placeholder="设置密码" type="password" /></td></tr>
<tr><th><label for="id_repeat_password">Repeat password:</label></th><td><input class="form-control" id="id_repeat_password" name="repeat_password" placeholder="确认密码" type="password" /></td></tr>]


	[2016-06-05 13:05:03,459][MainThread:6644][task_id:s12bbs.mylogging][mylogging.py:62][INFO][It works!]


	[2016-06-05 13:05:03,945][Thread-1:6096][task_id:s12bbs.common_views][common_views.py:47][DEBUG][<tr><th><label for="id_username">username:</label></th><td><input class="form-control" id="id_username" maxlength="25" name="username" placeholder="请输入用户名" type="username" value="qimi1" /></td></tr>
<tr><th><label for="id_password">password:</label></th><td><input class="form-control" id="id_password" name="password" placeholder="设置密码" type="password" /></td></tr>
<tr><th><label for="id_repeat_password">Repeat password:</label></th><td><input class="form-control" id="id_repeat_password" name="repeat_password" placeholder="确认密码" type="password" /></td></tr>]


	[2016-06-05 13:06:07,924][Thread-21:7464][task_id:django.request][base.py:284][ERROR][Internal Server Error: /bbs/]
Traceback (most recent call last):
  File "C:\Users\qimi\AppData\Local\Programs\Python\Python35\lib\site-packages\django\core\handlers\base.py", line 149, in get_response
    response = self.process_exception_by_middleware(e, request)
  File "C:\Users\qimi\AppData\Local\Programs\Python\Python35\lib\site-packages\django\core\handlers\base.py", line 147, in get_response
    response = wrapped_callback(request, *callback_args, **callback_kwargs)
  File "D:\qimi_WorkSpace\S12\day20\homework\s12bbs\bbs\views.py", line 13, in index
    category_obj = models.Category.objects.get(position_index=1)
  File "C:\Users\qimi\AppData\Local\Programs\Python\Python35\lib\site-packages\django\db\models\manager.py", line 122, in manager_method
    return getattr(self.get_queryset(), name)(*args, **kwargs)
  File "C:\Users\qimi\AppData\Local\Programs\Python\Python35\lib\site-packages\django\db\models\query.py", line 387, in get
    self.model._meta.object_name
bbs.models.DoesNotExist: Category matching query does not exist.

	[2016-06-05 13:07:49,129][Thread-23:6900][task_id:django.request][csrf.py:103][WARNING][Forbidden (CSRF token missing or incorrect.): /login/]


	[2016-06-05 13:08:35,304][Thread-28:7388][task_id:django.request][csrf.py:103][WARNING][Forbidden (CSRF token missing or incorrect.): /login/]


	[2016-06-05 13:08:36,608][Thread-29:5232][task_id:django.request][csrf.py:103][WARNING][Forbidden (CSRF token missing or incorrect.): /login/]


	[2016-06-05 13:10:33,446][MainThread:7252][task_id:s12bbs.mylogging][mylogging.py:62][INFO][It works!]


	[2016-06-05 13:14:11,276][MainThread:6760][task_id:s12bbs.mylogging][mylogging.py:62][INFO][It works!]


	[2016-06-05 13:16:20,710][MainThread:7728][task_id:s12bbs.mylogging][mylogging.py:62][INFO][It works!]


	[2016-06-05 13:19:48,800][MainThread:3512][task_id:s12bbs.mylogging][mylogging.py:62][INFO][It works!]


	[2016-06-05 13:20:29,934][MainThread:7500][task_id:s12bbs.mylogging][mylogging.py:62][INFO][It works!]


	[2016-06-05 14:34:17,188][MainThread:1524][task_id:s12bbs.mylogging][mylogging.py:62][INFO][It works!]


	[2016-06-05 14:34:17,703][MainThread:6052][task_id:s12bbs.mylogging][mylogging.py:62][INFO][It works!]


	[2016-06-05 14:34:23,875][Thread-1:5532][task_id:django.request][base.py:182][WARNING][Not Found: /]


	[2016-06-05 14:34:26,605][Thread-3:2812][task_id:django.request][base.py:182][WARNING][Not Found: /favicon.ico]


	[2016-06-05 14:34:49,855][Thread-8:3560][task_id:django.request][base.py:182][WARNING][Not Found: /]


	[2016-06-05 14:34:51,388][MainThread:5716][task_id:s12bbs.mylogging][mylogging.py:62][INFO][It works!]


	[2016-06-05 14:48:51,795][MainThread:2400][task_id:s12bbs.mylogging][mylogging.py:62][INFO][It works!]


	[2016-06-05 14:59:41,845][MainThread:6628][task_id:s12bbs.mylogging][mylogging.py:62][INFO][It works!]


	[2016-06-05 14:59:42,385][MainThread:6888][task_id:s12bbs.mylogging][mylogging.py:62][INFO][It works!]


	[2016-06-05 15:03:23,404][MainThread:7128][task_id:s12bbs.mylogging][mylogging.py:62][INFO][It works!]


	[2016-06-05 15:12:28,338][MainThread:6844][task_id:s12bbs.mylogging][mylogging.py:62][INFO][It works!]

